6.2916 	EXP 	Created window1 = Window(allowGUI=False, allowStencil=False, autoLog=True, bitsMode=UNKNOWN, blendMode='avg', color=array([ 0.,  0.,  0.]), colorSpace='rgb', fullscr=UNKNOWN, gamma=None, lms=UNKNOWN, monitor=<psychopy.monitors.calibTools.Monitor instance at 0x10fdd05a8>, name='window1', pos=[0, 0], screen=0, size=array([1280,  800]), stereo=False, units=u'norm', useFBO=True, viewOri=0.0, viewPos=None, viewScale=None, waitBlanking=True, winType='pyglet')
6.2916 	EXP 	window1: recordFrameIntervals = False
6.4564 	EXP 	window1: recordFrameIntervals = True
6.6407 	EXP 	window1: recordFrameIntervals = False
6.6931 	EXP 	Created trial_fixation = TextStim(alignHoriz='center', alignVert='center', antialias=True, autoLog=True, bold=False, color='white', colorSpace='named', contrast=1.0, depth=-1.0, flipHoriz=False, flipVert=False, font='Arial', fontFiles=[], height=0.1, italic=False, name='trial_fixation', opacity=1.0, ori=0, pos=array([ 0.,  0.]), rgb=array([ 255.,  255.,  255.]), text=u'+', units=u'norm', win=Window(...), wrapWidth=1)
6.6967 	EXP 	<method-wrapper '__getattribute__' of attributeSetter object at 0x10a764590>: vertices = array([[-0.25,  0.25],
       [ 0.25,  0.25],
       [ 0.25, -0.25],
       [-0.25, -0.25]])
6.7001 	EXP 	Created trial_leftShape = Rect(autoDraw=False, autoLog=True, closeShape=True, contrast=1.0, depth=-3.0, fillColor=array([ 1.,  1.,  1.]), fillColorSpace='rgb', fillRGB=array([ 1.,  1.,  1.]), interpolate=True, lineColor=array([ 1.,  1.,  1.]), lineColorSpace='rgb', lineRGB=array([ 1.,  1.,  1.]), lineWidth=3, name='trial_leftShape', opacity=1.0, ori=array(0.0), pos=array([-0.5,  0. ]), size=array([ 1.,  1.]), units=u'norm', vertices=ndarray(...), win=Window(...))
6.7006 	EXP 	<method-wrapper '__getattribute__' of attributeSetter object at 0x10a764590>: vertices = array([[-0.25,  0.25],
       [ 0.25,  0.25],
       [ 0.25, -0.25],
       [-0.25, -0.25]])
6.7039 	EXP 	Created trial_rightShape = Rect(autoDraw=False, autoLog=True, closeShape=True, contrast=1.0, depth=-4.0, fillColor=array([ 1.,  1.,  1.]), fillColorSpace='rgb', fillRGB=array([ 1.,  1.,  1.]), interpolate=True, lineColor=array([ 1.,  1.,  1.]), lineColorSpace='rgb', lineRGB=array([ 1.,  1.,  1.]), lineWidth=3, name='trial_rightShape', opacity=1.0, ori=array(0.0), pos=array([ 0.5,  0. ]), size=array([ 1.,  1.]), units=u'norm', vertices=ndarray(...), win=Window(...))
6.7169 	EXP 	Created trial_debugtxt = TextStim(alignHoriz='center', alignVert='center', antialias=True, autoLog=True, bold=False, color='white', colorSpace='named', contrast=1.0, depth=-5.0, flipHoriz=False, flipVert=False, font='Arial', fontFiles=[], height=0.1, italic=False, name='trial_debugtxt', opacity=1.0, ori=0, pos=array([ 0.  ,  0.75]), rgb=array([ 255.,  255.,  255.]), text=u'default text', units=u'norm', win=Window(...), wrapWidth=1)
6.7176 	EXP 	<method-wrapper '__getattribute__' of attributeSetter object at 0x10a764590>: vertices = array([[-0.25,  0.25],
       [ 0.25,  0.25],
       [ 0.25, -0.25],
       [-0.25, -0.25]])
6.7208 	EXP 	Created feedback_leftShape = Rect(autoDraw=False, autoLog=True, closeShape=True, contrast=1.0, depth=-1.0, fillColor=array([ 1.,  1.,  1.]), fillColorSpace='rgb', fillRGB=array([ 1.,  1.,  1.]), interpolate=True, lineColor=array([ 1.,  1.,  1.]), lineColorSpace='rgb', lineRGB=array([ 1.,  1.,  1.]), lineWidth=3, name='feedback_leftShape', opacity=1.0, ori=array(0.0), pos=array([-0.5,  0. ]), size=array([ 1.,  1.]), units=u'norm', vertices=ndarray(...), win=Window(...))
6.7214 	EXP 	<method-wrapper '__getattribute__' of attributeSetter object at 0x10a764590>: vertices = array([[-0.25,  0.25],
       [ 0.25,  0.25],
       [ 0.25, -0.25],
       [-0.25, -0.25]])
6.7246 	EXP 	Created feedback_rightShape = Rect(autoDraw=False, autoLog=True, closeShape=True, contrast=1.0, depth=-2.0, fillColor=array([ 1.,  1.,  1.]), fillColorSpace='rgb', fillRGB=array([ 1.,  1.,  1.]), interpolate=True, lineColor=array([ 1.,  1.,  1.]), lineColorSpace='rgb', lineRGB=array([ 1.,  1.,  1.]), lineWidth=3, name='feedback_rightShape', opacity=1.0, ori=array(0.0), pos=array([ 0.5,  0. ]), size=array([ 1.,  1.]), units=u'norm', vertices=ndarray(...), win=Window(...))
6.7253 	EXP 	Created sequence: random, trialTypes=1, nReps=30, seed=None
6.7258 	EXP 	New trial (rep=0, index=0): None
6.7265 	EXP 	window1: recordFrameIntervals = False
6.7403 	EXP 	trial_leftShape: fillColor = '[ 0.  0.  0.] (rgb)'
6.7403 	EXP 	trial_rightShape: fillColor = '[ 0.  0.  0.] (rgb)'
6.7406 	EXP 	window1: recordFrameIntervals = False
8.1600 	EXP 	trial_fixation: autoDraw = True
8.1600 	EXP 	trial_leftShape: autoDraw = True
8.1600 	EXP 	trial_rightShape: autoDraw = True
8.1600 	EXP 	trial_debugtxt: autoDraw = True
9.1146 	DATA 	Keypress: left
10.1471 	EXP 	trial_fixation: autoDraw = False
10.1471 	EXP 	trial_leftShape: autoDraw = False
10.1471 	EXP 	trial_rightShape: autoDraw = False
10.1471 	EXP 	trial_debugtxt: autoDraw = False
10.1471 	EXP 	feedback_leftShape: fillColor = 'green (named)'
10.1471 	EXP 	feedback_leftShape: lineColor = '[ 0.  0.  0.] (rgb)'
10.1471 	EXP 	feedback_rightShape: fillColor = '[ 0.  0.  0.] (rgb)'
10.1471 	EXP 	feedback_rightShape: lineColor = '[ 0.  0.  0.] (rgb)'
10.1471 	EXP 	feedback_leftShape: autoDraw = True
10.1471 	EXP 	feedback_rightShape: autoDraw = True
11.1343 	EXP 	New trial (rep=1, index=0): None
11.1357 	EXP 	window1: recordFrameIntervals = False
11.1497 	EXP 	feedback_leftShape: autoDraw = False
11.1497 	EXP 	feedback_rightShape: autoDraw = False
11.1497 	EXP 	feedback_leftShape: autoDraw = False
11.1497 	EXP 	feedback_rightShape: autoDraw = False
11.1497 	EXP 	trial_leftShape: fillColor = '[ 0.  0.  0.] (rgb)'
11.1497 	EXP 	trial_rightShape: fillColor = '[ 0.  0.  0.] (rgb)'
11.1500 	EXP 	window1: recordFrameIntervals = False
11.7677 	EXP 	trial_fixation: autoDraw = True
11.7677 	EXP 	trial_leftShape: autoDraw = True
11.7677 	EXP 	trial_rightShape: autoDraw = True
11.7677 	EXP 	trial_debugtxt: autoDraw = True
12.3200 	DATA 	Keypress: left
13.7717 	EXP 	trial_fixation: autoDraw = False
13.7717 	EXP 	trial_leftShape: autoDraw = False
13.7717 	EXP 	trial_rightShape: autoDraw = False
13.7717 	EXP 	trial_debugtxt: autoDraw = False
13.7717 	EXP 	feedback_leftShape: fillColor = 'green (named)'
13.7717 	EXP 	feedback_leftShape: lineColor = '[ 0.  0.  0.] (rgb)'
13.7717 	EXP 	feedback_rightShape: fillColor = '[ 0.  0.  0.] (rgb)'
13.7717 	EXP 	feedback_rightShape: lineColor = '[ 0.  0.  0.] (rgb)'
13.7717 	EXP 	feedback_leftShape: autoDraw = True
13.7717 	EXP 	feedback_rightShape: autoDraw = True
14.7430 	EXP 	New trial (rep=2, index=0): None
14.7445 	EXP 	window1: recordFrameIntervals = False
14.7574 	EXP 	feedback_leftShape: autoDraw = False
14.7574 	EXP 	feedback_rightShape: autoDraw = False
14.7574 	EXP 	feedback_leftShape: autoDraw = False
14.7574 	EXP 	feedback_rightShape: autoDraw = False
14.7574 	EXP 	trial_leftShape: fillColor = '[ 0.  0.  0.] (rgb)'
14.7574 	EXP 	trial_rightShape: fillColor = '[ 0.  0.  0.] (rgb)'
14.7575 	EXP 	window1: recordFrameIntervals = False
15.6592 	EXP 	trial_fixation: autoDraw = True
15.6592 	EXP 	trial_leftShape: autoDraw = True
15.6592 	EXP 	trial_rightShape: autoDraw = True
15.6592 	EXP 	trial_debugtxt: autoDraw = True
16.0858 	DATA 	Keypress: left
17.6467 	EXP 	trial_fixation: autoDraw = False
17.6467 	EXP 	trial_leftShape: autoDraw = False
17.6467 	EXP 	trial_rightShape: autoDraw = False
17.6467 	EXP 	trial_debugtxt: autoDraw = False
17.6467 	EXP 	feedback_leftShape: fillColor = 'green (named)'
17.6467 	EXP 	feedback_leftShape: lineColor = '[ 0.  0.  0.] (rgb)'
17.6467 	EXP 	feedback_rightShape: fillColor = '[ 0.  0.  0.] (rgb)'
17.6467 	EXP 	feedback_rightShape: lineColor = '[ 0.  0.  0.] (rgb)'
17.6467 	EXP 	feedback_leftShape: autoDraw = True
17.6467 	EXP 	feedback_rightShape: autoDraw = True
18.6343 	EXP 	New trial (rep=3, index=0): None
18.6358 	EXP 	window1: recordFrameIntervals = False
18.6490 	EXP 	feedback_leftShape: autoDraw = False
18.6490 	EXP 	feedback_rightShape: autoDraw = False
18.6490 	EXP 	feedback_leftShape: autoDraw = False
18.6490 	EXP 	feedback_rightShape: autoDraw = False
18.6490 	EXP 	trial_leftShape: fillColor = '[ 0.  0.  0.] (rgb)'
18.6490 	EXP 	trial_rightShape: fillColor = '[ 0.  0.  0.] (rgb)'
18.6492 	EXP 	window1: recordFrameIntervals = False
20.1355 	EXP 	trial_fixation: autoDraw = True
20.1355 	EXP 	trial_leftShape: autoDraw = True
20.1355 	EXP 	trial_rightShape: autoDraw = True
20.1355 	EXP 	trial_debugtxt: autoDraw = True
20.4037 	DATA 	Keypress: left
21.5073 	DATA 	Keypress: right
22.1230 	EXP 	trial_fixation: autoDraw = False
22.1230 	EXP 	trial_leftShape: autoDraw = False
22.1230 	EXP 	trial_rightShape: autoDraw = False
22.1230 	EXP 	trial_debugtxt: autoDraw = False
22.1230 	EXP 	feedback_leftShape: fillColor = 'red (named)'
22.1230 	EXP 	feedback_leftShape: lineColor = '[ 0.  0.  0.] (rgb)'
22.1230 	EXP 	feedback_rightShape: fillColor = '[ 0.  0.  0.] (rgb)'
22.1230 	EXP 	feedback_rightShape: lineColor = '[ 0.  1.  0.] (rgb)'
22.1230 	EXP 	feedback_leftShape: autoDraw = True
22.1230 	EXP 	feedback_rightShape: autoDraw = True
23.1101 	EXP 	New trial (rep=4, index=0): None
23.1116 	EXP 	window1: recordFrameIntervals = False
23.1252 	EXP 	feedback_leftShape: autoDraw = False
23.1252 	EXP 	feedback_rightShape: autoDraw = False
23.1252 	EXP 	feedback_leftShape: autoDraw = False
23.1252 	EXP 	feedback_rightShape: autoDraw = False
23.1252 	EXP 	trial_leftShape: fillColor = '[ 0.  0.  0.] (rgb)'
23.1252 	EXP 	trial_rightShape: fillColor = '[ 0.  0.  0.] (rgb)'
23.1255 	EXP 	window1: recordFrameIntervals = False
24.3944 	EXP 	trial_fixation: autoDraw = True
24.3944 	EXP 	trial_leftShape: autoDraw = True
24.3944 	EXP 	trial_rightShape: autoDraw = True
24.3944 	EXP 	trial_debugtxt: autoDraw = True
24.6366 	DATA 	Keypress: left
27.2516 	DATA 	Keypress: right
27.3773 	ERROR 	If you setColor with a numeric color value then you need to specify a color space, e.g. setColor([1,1,-1],'rgb'), unless you used a numeric value previously in which case PsychoPy will reuse that color space.)
27.3843 	EXP 	trial_fixation: autoDraw = False
27.3843 	EXP 	trial_leftShape: autoDraw = False
27.3843 	EXP 	trial_rightShape: autoDraw = False
27.3843 	EXP 	trial_debugtxt: autoDraw = False
27.3843 	EXP 	feedback_leftShape: fillColor = 'red (named)'
27.3843 	EXP 	feedback_leftShape: lineColor = '[ 0.  0.  0.] (rgb)'
27.3843 	EXP 	feedback_rightShape: fillColor = 'green (named)'
27.3843 	EXP 	feedback_rightShape: lineColor = '[ 0.  1.  0.] (rgb)'
27.3843 	EXP 	feedback_leftShape: autoDraw = True
27.3843 	EXP 	feedback_rightShape: autoDraw = True
28.3713 	EXP 	New trial (rep=5, index=0): None
28.3728 	EXP 	window1: recordFrameIntervals = False
28.3862 	EXP 	feedback_leftShape: autoDraw = False
28.3862 	EXP 	feedback_rightShape: autoDraw = False
28.3862 	EXP 	feedback_leftShape: autoDraw = False
28.3862 	EXP 	feedback_rightShape: autoDraw = False
28.3862 	EXP 	trial_leftShape: fillColor = '[ 0.  0.  0.] (rgb)'
28.3862 	EXP 	trial_rightShape: fillColor = '[ 0.  0.  0.] (rgb)'
28.3863 	EXP 	window1: recordFrameIntervals = False
29.2383 	EXP 	trial_fixation: autoDraw = True
29.2383 	EXP 	trial_leftShape: autoDraw = True
29.2383 	EXP 	trial_rightShape: autoDraw = True
29.2383 	EXP 	trial_debugtxt: autoDraw = True
29.5131 	DATA 	Keypress: left
31.1988 	ERROR 	If you setColor with a numeric color value then you need to specify a color space, e.g. setColor([1,1,-1],'rgb'), unless you used a numeric value previously in which case PsychoPy will reuse that color space.)
31.2087 	EXP 	trial_fixation: autoDraw = False
31.2087 	EXP 	trial_leftShape: autoDraw = False
31.2087 	EXP 	trial_rightShape: autoDraw = False
31.2087 	EXP 	trial_debugtxt: autoDraw = False
31.2087 	EXP 	feedback_leftShape: fillColor = 'green (named)'
31.2087 	EXP 	feedback_leftShape: lineColor = '[ 0.  0.  0.] (rgb)'
31.2087 	EXP 	feedback_rightShape: fillColor = 'green (named)'
31.2087 	EXP 	feedback_rightShape: lineColor = '[ 0.  0.  0.] (rgb)'
31.2087 	EXP 	feedback_leftShape: autoDraw = True
31.2087 	EXP 	feedback_rightShape: autoDraw = True
32.1960 	EXP 	New trial (rep=6, index=0): None
32.1974 	EXP 	window1: recordFrameIntervals = False
32.2112 	EXP 	feedback_leftShape: autoDraw = False
32.2112 	EXP 	feedback_rightShape: autoDraw = False
32.2112 	EXP 	feedback_leftShape: autoDraw = False
32.2112 	EXP 	feedback_rightShape: autoDraw = False
32.2112 	EXP 	trial_leftShape: fillColor = '[ 0.  0.  0.] (rgb)'
32.2112 	EXP 	trial_rightShape: fillColor = '[ 0.  0.  0.] (rgb)'
32.2113 	EXP 	window1: recordFrameIntervals = False
33.3468 	EXP 	trial_fixation: autoDraw = True
33.3468 	EXP 	trial_leftShape: autoDraw = True
33.3468 	EXP 	trial_rightShape: autoDraw = True
33.3468 	EXP 	trial_debugtxt: autoDraw = True
33.6486 	DATA 	Keypress: left
35.3022 	DATA 	Keypress: right
36.3260 	ERROR 	If you setColor with a numeric color value then you need to specify a color space, e.g. setColor([1,1,-1],'rgb'), unless you used a numeric value previously in which case PsychoPy will reuse that color space.)
36.3367 	EXP 	trial_fixation: autoDraw = False
36.3367 	EXP 	trial_leftShape: autoDraw = False
36.3367 	EXP 	trial_rightShape: autoDraw = False
36.3367 	EXP 	trial_debugtxt: autoDraw = False
36.3367 	EXP 	feedback_leftShape: fillColor = 'green (named)'
36.3367 	EXP 	feedback_leftShape: lineColor = '[ 0.  0.  0.] (rgb)'
36.3367 	EXP 	feedback_rightShape: fillColor = 'green (named)'
36.3367 	EXP 	feedback_rightShape: lineColor = '[ 0.  1.  0.] (rgb)'
36.3367 	EXP 	feedback_leftShape: autoDraw = True
36.3367 	EXP 	feedback_rightShape: autoDraw = True
37.3240 	EXP 	New trial (rep=7, index=0): None
37.3255 	EXP 	window1: recordFrameIntervals = False
37.3386 	EXP 	feedback_leftShape: autoDraw = False
37.3386 	EXP 	feedback_rightShape: autoDraw = False
37.3386 	EXP 	feedback_leftShape: autoDraw = False
37.3386 	EXP 	feedback_rightShape: autoDraw = False
37.3386 	EXP 	trial_leftShape: fillColor = '[ 0.  0.  0.] (rgb)'
37.3386 	EXP 	trial_rightShape: fillColor = '[ 0.  0.  0.] (rgb)'
37.3388 	EXP 	window1: recordFrameIntervals = False
38.2742 	EXP 	trial_fixation: autoDraw = True
38.2742 	EXP 	trial_leftShape: autoDraw = True
38.2742 	EXP 	trial_rightShape: autoDraw = True
38.2742 	EXP 	trial_debugtxt: autoDraw = True
38.5594 	DATA 	Keypress: left
40.9308 	DATA 	Keypress: right
41.2402 	ERROR 	If you setColor with a numeric color value then you need to specify a color space, e.g. setColor([1,1,-1],'rgb'), unless you used a numeric value previously in which case PsychoPy will reuse that color space.)
41.2468 	EXP 	trial_fixation: autoDraw = False
41.2468 	EXP 	trial_leftShape: autoDraw = False
41.2468 	EXP 	trial_rightShape: autoDraw = False
41.2468 	EXP 	trial_debugtxt: autoDraw = False
41.2468 	EXP 	feedback_leftShape: fillColor = 'green (named)'
41.2468 	EXP 	feedback_leftShape: lineColor = '[ 0.  0.  0.] (rgb)'
41.2468 	EXP 	feedback_rightShape: fillColor = 'green (named)'
41.2468 	EXP 	feedback_rightShape: lineColor = '[ 0.  1.  0.] (rgb)'
41.2468 	EXP 	feedback_leftShape: autoDraw = True
41.2468 	EXP 	feedback_rightShape: autoDraw = True
42.2343 	EXP 	New trial (rep=8, index=0): None
42.2358 	EXP 	window1: recordFrameIntervals = False
42.2494 	EXP 	feedback_leftShape: autoDraw = False
42.2494 	EXP 	feedback_rightShape: autoDraw = False
42.2494 	EXP 	feedback_leftShape: autoDraw = False
42.2494 	EXP 	feedback_rightShape: autoDraw = False
42.2494 	EXP 	trial_leftShape: fillColor = '[ 0.  0.  0.] (rgb)'
42.2494 	EXP 	trial_rightShape: fillColor = '[ 0.  0.  0.] (rgb)'
42.2496 	EXP 	window1: recordFrameIntervals = False
42.8338 	EXP 	trial_fixation: autoDraw = True
42.8338 	EXP 	trial_leftShape: autoDraw = True
42.8338 	EXP 	trial_rightShape: autoDraw = True
42.8338 	EXP 	trial_debugtxt: autoDraw = True
43.1913 	DATA 	Keypress: left
44.9820 	DATA 	Keypress: right
45.8341 	ERROR 	If you setColor with a numeric color value then you need to specify a color space, e.g. setColor([1,1,-1],'rgb'), unless you used a numeric value previously in which case PsychoPy will reuse that color space.)
45.8403 	EXP 	trial_fixation: autoDraw = False
45.8403 	EXP 	trial_leftShape: autoDraw = False
45.8403 	EXP 	trial_rightShape: autoDraw = False
45.8403 	EXP 	trial_debugtxt: autoDraw = False
45.8403 	EXP 	feedback_leftShape: fillColor = 'green (named)'
45.8403 	EXP 	feedback_leftShape: lineColor = '[ 0.  0.  0.] (rgb)'
45.8403 	EXP 	feedback_rightShape: fillColor = 'green (named)'
45.8403 	EXP 	feedback_rightShape: lineColor = '[ 0.  1.  0.] (rgb)'
45.8403 	EXP 	feedback_leftShape: autoDraw = True
45.8403 	EXP 	feedback_rightShape: autoDraw = True
46.8280 	EXP 	New trial (rep=9, index=0): None
46.8295 	EXP 	window1: recordFrameIntervals = False
46.8423 	EXP 	feedback_leftShape: autoDraw = False
46.8423 	EXP 	feedback_rightShape: autoDraw = False
46.8423 	EXP 	feedback_leftShape: autoDraw = False
46.8423 	EXP 	feedback_rightShape: autoDraw = False
46.8423 	EXP 	trial_leftShape: fillColor = '[ 0.  0.  0.] (rgb)'
46.8423 	EXP 	trial_rightShape: fillColor = '[ 0.  0.  0.] (rgb)'
46.8425 	EXP 	window1: recordFrameIntervals = False
48.0116 	EXP 	trial_fixation: autoDraw = True
48.0116 	EXP 	trial_leftShape: autoDraw = True
48.0116 	EXP 	trial_rightShape: autoDraw = True
48.0116 	EXP 	trial_debugtxt: autoDraw = True
48.4057 	DATA 	Keypress: left
49.8593 	DATA 	Keypress: right
50.9911 	ERROR 	If you setColor with a numeric color value then you need to specify a color space, e.g. setColor([1,1,-1],'rgb'), unless you used a numeric value previously in which case PsychoPy will reuse that color space.)
51.0013 	EXP 	trial_fixation: autoDraw = False
51.0013 	EXP 	trial_leftShape: autoDraw = False
51.0013 	EXP 	trial_rightShape: autoDraw = False
51.0013 	EXP 	trial_debugtxt: autoDraw = False
51.0013 	EXP 	feedback_leftShape: fillColor = 'green (named)'
51.0013 	EXP 	feedback_leftShape: lineColor = '[ 0.  0.  0.] (rgb)'
51.0013 	EXP 	feedback_rightShape: fillColor = 'green (named)'
51.0013 	EXP 	feedback_rightShape: lineColor = '[ 0.  1.  0.] (rgb)'
51.0013 	EXP 	feedback_leftShape: autoDraw = True
51.0013 	EXP 	feedback_rightShape: autoDraw = True
51.9887 	EXP 	New trial (rep=10, index=0): None
51.9901 	EXP 	window1: recordFrameIntervals = False
52.0035 	EXP 	feedback_leftShape: autoDraw = False
52.0035 	EXP 	feedback_rightShape: autoDraw = False
52.0035 	EXP 	feedback_leftShape: autoDraw = False
52.0035 	EXP 	feedback_rightShape: autoDraw = False
52.0035 	EXP 	trial_leftShape: fillColor = '[ 0.  0.  0.] (rgb)'
52.0035 	EXP 	trial_rightShape: fillColor = '[ 0.  0.  0.] (rgb)'
52.0037 	EXP 	window1: recordFrameIntervals = False
53.0054 	EXP 	trial_fixation: autoDraw = True
53.0054 	EXP 	trial_leftShape: autoDraw = True
53.0054 	EXP 	trial_rightShape: autoDraw = True
53.0054 	EXP 	trial_debugtxt: autoDraw = True
53.3997 	DATA 	Keypress: left
54.9873 	ERROR 	If you setColor with a numeric color value then you need to specify a color space, e.g. setColor([1,1,-1],'rgb'), unless you used a numeric value previously in which case PsychoPy will reuse that color space.)
54.9932 	EXP 	trial_fixation: autoDraw = False
54.9932 	EXP 	trial_leftShape: autoDraw = False
54.9932 	EXP 	trial_rightShape: autoDraw = False
54.9932 	EXP 	trial_debugtxt: autoDraw = False
54.9932 	EXP 	feedback_leftShape: fillColor = 'green (named)'
54.9932 	EXP 	feedback_leftShape: lineColor = '[ 0.  0.  0.] (rgb)'
54.9932 	EXP 	feedback_rightShape: fillColor = 'green (named)'
54.9932 	EXP 	feedback_rightShape: lineColor = '[ 0.  0.  0.] (rgb)'
54.9932 	EXP 	feedback_leftShape: autoDraw = True
54.9932 	EXP 	feedback_rightShape: autoDraw = True
55.2625 	DATA 	Keypress: right
55.9807 	EXP 	New trial (rep=11, index=0): None
55.9821 	EXP 	window1: recordFrameIntervals = False
55.9950 	EXP 	feedback_leftShape: autoDraw = False
55.9950 	EXP 	feedback_rightShape: autoDraw = False
55.9950 	EXP 	feedback_leftShape: autoDraw = False
55.9950 	EXP 	feedback_rightShape: autoDraw = False
55.9950 	EXP 	trial_leftShape: fillColor = '[ 0.  0.  0.] (rgb)'
55.9950 	EXP 	trial_rightShape: fillColor = '[ 0.  0.  0.] (rgb)'
55.9952 	EXP 	window1: recordFrameIntervals = False
57.3983 	EXP 	trial_fixation: autoDraw = True
57.3983 	EXP 	trial_leftShape: autoDraw = True
57.3983 	EXP 	trial_rightShape: autoDraw = True
57.3983 	EXP 	trial_debugtxt: autoDraw = True
57.6720 	DATA 	Keypress: left
59.3757 	ERROR 	If you setColor with a numeric color value then you need to specify a color space, e.g. setColor([1,1,-1],'rgb'), unless you used a numeric value previously in which case PsychoPy will reuse that color space.)
59.3858 	EXP 	trial_fixation: autoDraw = False
59.3858 	EXP 	trial_leftShape: autoDraw = False
59.3858 	EXP 	trial_rightShape: autoDraw = False
59.3858 	EXP 	trial_debugtxt: autoDraw = False
59.3858 	EXP 	feedback_leftShape: fillColor = 'green (named)'
59.3858 	EXP 	feedback_leftShape: lineColor = '[ 0.  0.  0.] (rgb)'
59.3858 	EXP 	feedback_rightShape: fillColor = 'green (named)'
59.3858 	EXP 	feedback_rightShape: lineColor = '[ 0.  0.  0.] (rgb)'
59.3858 	EXP 	feedback_leftShape: autoDraw = True
59.3858 	EXP 	feedback_rightShape: autoDraw = True
60.3731 	EXP 	New trial (rep=12, index=0): None
60.3747 	EXP 	window1: recordFrameIntervals = False
60.3877 	EXP 	feedback_leftShape: autoDraw = False
60.3877 	EXP 	feedback_rightShape: autoDraw = False
60.3877 	EXP 	feedback_leftShape: autoDraw = False
60.3877 	EXP 	feedback_rightShape: autoDraw = False
60.3877 	EXP 	trial_leftShape: fillColor = '[ 0.  0.  0.] (rgb)'
60.3877 	EXP 	trial_rightShape: fillColor = '[ 0.  0.  0.] (rgb)'
60.3880 	EXP 	window1: recordFrameIntervals = False
61.4068 	EXP 	trial_fixation: autoDraw = True
61.4068 	EXP 	trial_leftShape: autoDraw = True
61.4068 	EXP 	trial_rightShape: autoDraw = True
61.4068 	EXP 	trial_debugtxt: autoDraw = True
61.6472 	DATA 	Keypress: left
63.4022 	ERROR 	If you setColor with a numeric color value then you need to specify a color space, e.g. setColor([1,1,-1],'rgb'), unless you used a numeric value previously in which case PsychoPy will reuse that color space.)
63.4106 	EXP 	trial_fixation: autoDraw = False
63.4106 	EXP 	trial_leftShape: autoDraw = False
63.4106 	EXP 	trial_rightShape: autoDraw = False
63.4106 	EXP 	trial_debugtxt: autoDraw = False
63.4106 	EXP 	feedback_leftShape: fillColor = 'green (named)'
63.4106 	EXP 	feedback_leftShape: lineColor = '[ 0.  0.  0.] (rgb)'
63.4106 	EXP 	feedback_rightShape: fillColor = 'green (named)'
63.4106 	EXP 	feedback_rightShape: lineColor = '[ 0.  0.  0.] (rgb)'
63.4106 	EXP 	feedback_leftShape: autoDraw = True
63.4106 	EXP 	feedback_rightShape: autoDraw = True
64.3988 	EXP 	New trial (rep=13, index=0): None
64.4005 	EXP 	window1: recordFrameIntervals = False
64.4132 	EXP 	feedback_leftShape: autoDraw = False
64.4132 	EXP 	feedback_rightShape: autoDraw = False
64.4132 	EXP 	feedback_leftShape: autoDraw = False
64.4132 	EXP 	feedback_rightShape: autoDraw = False
64.4132 	EXP 	trial_leftShape: fillColor = '[ 0.  0.  0.] (rgb)'
64.4132 	EXP 	trial_rightShape: fillColor = '[ 0.  0.  0.] (rgb)'
64.4135 	EXP 	window1: recordFrameIntervals = False
65.1313 	EXP 	trial_fixation: autoDraw = True
65.1313 	EXP 	trial_leftShape: autoDraw = True
65.1313 	EXP 	trial_rightShape: autoDraw = True
65.1313 	EXP 	trial_debugtxt: autoDraw = True
65.8506 	DATA 	Keypress: right
68.0982 	ERROR 	If you setColor with a numeric color value then you need to specify a color space, e.g. setColor([1,1,-1],'rgb'), unless you used a numeric value previously in which case PsychoPy will reuse that color space.)
68.1045 	EXP 	trial_fixation: autoDraw = False
68.1045 	EXP 	trial_leftShape: autoDraw = False
68.1045 	EXP 	trial_rightShape: autoDraw = False
68.1045 	EXP 	trial_debugtxt: autoDraw = False
68.1045 	EXP 	feedback_leftShape: fillColor = 'green (named)'
68.1045 	EXP 	feedback_leftShape: lineColor = '[ 0.  0.  0.] (rgb)'
68.1045 	EXP 	feedback_rightShape: fillColor = 'green (named)'
68.1045 	EXP 	feedback_rightShape: lineColor = '[ 0.  1.  0.] (rgb)'
68.1045 	EXP 	feedback_leftShape: autoDraw = True
68.1045 	EXP 	feedback_rightShape: autoDraw = True
69.0920 	EXP 	New trial (rep=14, index=0): None
69.0934 	EXP 	window1: recordFrameIntervals = False
69.1065 	EXP 	feedback_leftShape: autoDraw = False
69.1065 	EXP 	feedback_rightShape: autoDraw = False
69.1065 	EXP 	feedback_leftShape: autoDraw = False
69.1065 	EXP 	feedback_rightShape: autoDraw = False
69.1065 	EXP 	trial_leftShape: fillColor = '[ 0.  0.  0.] (rgb)'
69.1065 	EXP 	trial_rightShape: fillColor = '[ 0.  0.  0.] (rgb)'
69.1068 	EXP 	window1: recordFrameIntervals = False
70.5931 	EXP 	trial_fixation: autoDraw = True
70.5931 	EXP 	trial_leftShape: autoDraw = True
70.5931 	EXP 	trial_rightShape: autoDraw = True
70.5931 	EXP 	trial_debugtxt: autoDraw = True
73.5721 	ERROR 	If you setColor with a numeric color value then you need to specify a color space, e.g. setColor([1,1,-1],'rgb'), unless you used a numeric value previously in which case PsychoPy will reuse that color space.)
73.5828 	EXP 	trial_fixation: autoDraw = False
73.5828 	EXP 	trial_leftShape: autoDraw = False
73.5828 	EXP 	trial_rightShape: autoDraw = False
73.5828 	EXP 	trial_debugtxt: autoDraw = False
73.5828 	EXP 	feedback_leftShape: fillColor = 'green (named)'
73.5828 	EXP 	feedback_leftShape: lineColor = '[ 0.  0.  0.] (rgb)'
73.5828 	EXP 	feedback_rightShape: fillColor = 'red (named)'
73.5828 	EXP 	feedback_rightShape: lineColor = '[ 0.  0.  0.] (rgb)'
73.5828 	EXP 	feedback_leftShape: autoDraw = True
73.5828 	EXP 	feedback_rightShape: autoDraw = True
74.5705 	EXP 	New trial (rep=15, index=0): None
74.5720 	EXP 	window1: recordFrameIntervals = False
74.5849 	EXP 	feedback_leftShape: autoDraw = False
74.5849 	EXP 	feedback_rightShape: autoDraw = False
74.5849 	EXP 	feedback_leftShape: autoDraw = False
74.5849 	EXP 	feedback_rightShape: autoDraw = False
74.5849 	EXP 	trial_leftShape: fillColor = '[ 0.  0.  0.] (rgb)'
74.5849 	EXP 	trial_rightShape: fillColor = '[ 0.  0.  0.] (rgb)'
74.5852 	EXP 	window1: recordFrameIntervals = False
76.0213 	EXP 	trial_fixation: autoDraw = True
76.0213 	EXP 	trial_leftShape: autoDraw = True
76.0213 	EXP 	trial_rightShape: autoDraw = True
76.0213 	EXP 	trial_debugtxt: autoDraw = True
76.3290 	DATA 	Keypress: left
78.0028 	ERROR 	If you setColor with a numeric color value then you need to specify a color space, e.g. setColor([1,1,-1],'rgb'), unless you used a numeric value previously in which case PsychoPy will reuse that color space.)
78.0088 	EXP 	trial_fixation: autoDraw = False
78.0088 	EXP 	trial_leftShape: autoDraw = False
78.0088 	EXP 	trial_rightShape: autoDraw = False
78.0088 	EXP 	trial_debugtxt: autoDraw = False
78.0088 	EXP 	feedback_leftShape: fillColor = 'green (named)'
78.0088 	EXP 	feedback_leftShape: lineColor = '[ 0.  0.  0.] (rgb)'
78.0088 	EXP 	feedback_rightShape: fillColor = 'red (named)'
78.0088 	EXP 	feedback_rightShape: lineColor = '[ 0.  0.  0.] (rgb)'
78.0088 	EXP 	feedback_leftShape: autoDraw = True
78.0088 	EXP 	feedback_rightShape: autoDraw = True
78.0780 	DATA 	Keypress: right
78.9959 	EXP 	New trial (rep=16, index=0): None
78.9974 	EXP 	window1: recordFrameIntervals = False
79.0107 	EXP 	feedback_leftShape: autoDraw = False
79.0107 	EXP 	feedback_rightShape: autoDraw = False
79.0107 	EXP 	feedback_leftShape: autoDraw = False
79.0107 	EXP 	feedback_rightShape: autoDraw = False
79.0107 	EXP 	trial_leftShape: fillColor = '[ 0.  0.  0.] (rgb)'
79.0107 	EXP 	trial_rightShape: fillColor = '[ 0.  0.  0.] (rgb)'
79.0110 	EXP 	window1: recordFrameIntervals = False
80.2694 	DATA 	Keypress: left
80.4306 	EXP 	trial_fixation: autoDraw = True
80.4306 	EXP 	trial_leftShape: autoDraw = True
80.4306 	EXP 	trial_rightShape: autoDraw = True
80.4306 	EXP 	trial_debugtxt: autoDraw = True
80.7259 	DATA 	Keypress: left
82.4080 	ERROR 	If you setColor with a numeric color value then you need to specify a color space, e.g. setColor([1,1,-1],'rgb'), unless you used a numeric value previously in which case PsychoPy will reuse that color space.)
82.4183 	EXP 	trial_fixation: autoDraw = False
82.4183 	EXP 	trial_leftShape: autoDraw = False
82.4183 	EXP 	trial_rightShape: autoDraw = False
82.4183 	EXP 	trial_debugtxt: autoDraw = False
82.4183 	EXP 	feedback_leftShape: fillColor = 'green (named)'
82.4183 	EXP 	feedback_leftShape: lineColor = '[ 0.  0.  0.] (rgb)'
82.4183 	EXP 	feedback_rightShape: fillColor = 'red (named)'
82.4183 	EXP 	feedback_rightShape: lineColor = '[ 0.  0.  0.] (rgb)'
82.4183 	EXP 	feedback_leftShape: autoDraw = True
82.4183 	EXP 	feedback_rightShape: autoDraw = True
83.4050 	EXP 	New trial (rep=17, index=0): None
83.4062 	EXP 	window1: recordFrameIntervals = False
83.4204 	EXP 	feedback_leftShape: autoDraw = False
83.4204 	EXP 	feedback_rightShape: autoDraw = False
83.4204 	EXP 	feedback_leftShape: autoDraw = False
83.4204 	EXP 	feedback_rightShape: autoDraw = False
83.4204 	EXP 	trial_leftShape: fillColor = '[ 0.  0.  0.] (rgb)'
83.4204 	EXP 	trial_rightShape: fillColor = '[ 0.  0.  0.] (rgb)'
83.4207 	EXP 	window1: recordFrameIntervals = False
84.3223 	EXP 	trial_fixation: autoDraw = True
84.3223 	EXP 	trial_leftShape: autoDraw = True
84.3223 	EXP 	trial_rightShape: autoDraw = True
84.3223 	EXP 	trial_debugtxt: autoDraw = True
84.6795 	DATA 	Keypress: left
86.3167 	ERROR 	If you setColor with a numeric color value then you need to specify a color space, e.g. setColor([1,1,-1],'rgb'), unless you used a numeric value previously in which case PsychoPy will reuse that color space.)
86.3266 	EXP 	trial_fixation: autoDraw = False
86.3266 	EXP 	trial_leftShape: autoDraw = False
86.3266 	EXP 	trial_rightShape: autoDraw = False
86.3266 	EXP 	trial_debugtxt: autoDraw = False
86.3266 	EXP 	feedback_leftShape: fillColor = 'green (named)'
86.3266 	EXP 	feedback_leftShape: lineColor = '[ 0.  0.  0.] (rgb)'
86.3266 	EXP 	feedback_rightShape: fillColor = 'red (named)'
86.3266 	EXP 	feedback_rightShape: lineColor = '[ 0.  0.  0.] (rgb)'
86.3266 	EXP 	feedback_leftShape: autoDraw = True
86.3266 	EXP 	feedback_rightShape: autoDraw = True
87.3143 	EXP 	New trial (rep=18, index=0): None
87.3158 	EXP 	window1: recordFrameIntervals = False
87.3287 	EXP 	feedback_leftShape: autoDraw = False
87.3287 	EXP 	feedback_rightShape: autoDraw = False
87.3287 	EXP 	feedback_leftShape: autoDraw = False
87.3287 	EXP 	feedback_rightShape: autoDraw = False
87.3287 	EXP 	trial_leftShape: fillColor = '[ 0.  0.  0.] (rgb)'
87.3287 	EXP 	trial_rightShape: fillColor = '[ 0.  0.  0.] (rgb)'
87.3290 	EXP 	window1: recordFrameIntervals = False
88.2473 	EXP 	trial_fixation: autoDraw = True
88.2473 	EXP 	trial_leftShape: autoDraw = True
88.2473 	EXP 	trial_rightShape: autoDraw = True
88.2473 	EXP 	trial_debugtxt: autoDraw = True
89.7850 	DATA 	Keypress: left
90.2250 	ERROR 	If you setColor with a numeric color value then you need to specify a color space, e.g. setColor([1,1,-1],'rgb'), unless you used a numeric value previously in which case PsychoPy will reuse that color space.)
90.2349 	EXP 	trial_fixation: autoDraw = False
90.2349 	EXP 	trial_leftShape: autoDraw = False
90.2349 	EXP 	trial_rightShape: autoDraw = False
90.2349 	EXP 	trial_debugtxt: autoDraw = False
90.2349 	EXP 	feedback_leftShape: fillColor = 'green (named)'
90.2349 	EXP 	feedback_leftShape: lineColor = '[ 0.  0.  0.] (rgb)'
90.2349 	EXP 	feedback_rightShape: fillColor = 'red (named)'
90.2349 	EXP 	feedback_rightShape: lineColor = '[ 0.  0.  0.] (rgb)'
90.2349 	EXP 	feedback_leftShape: autoDraw = True
90.2349 	EXP 	feedback_rightShape: autoDraw = True
91.2226 	EXP 	New trial (rep=19, index=0): None
91.2242 	EXP 	window1: recordFrameIntervals = False
91.2370 	EXP 	feedback_leftShape: autoDraw = False
91.2370 	EXP 	feedback_rightShape: autoDraw = False
91.2370 	EXP 	feedback_leftShape: autoDraw = False
91.2370 	EXP 	feedback_rightShape: autoDraw = False
91.2370 	EXP 	trial_leftShape: fillColor = '[ 0.  0.  0.] (rgb)'
91.2370 	EXP 	trial_rightShape: fillColor = '[ 0.  0.  0.] (rgb)'
91.2373 	EXP 	window1: recordFrameIntervals = False
92.5398 	EXP 	trial_fixation: autoDraw = True
92.5398 	EXP 	trial_leftShape: autoDraw = True
92.5398 	EXP 	trial_rightShape: autoDraw = True
92.5398 	EXP 	trial_debugtxt: autoDraw = True
92.8584 	DATA 	Keypress: left
94.2064 	DATA 	Keypress: right
95.5235 	ERROR 	If you setColor with a numeric color value then you need to specify a color space, e.g. setColor([1,1,-1],'rgb'), unless you used a numeric value previously in which case PsychoPy will reuse that color space.)
95.5295 	EXP 	trial_fixation: autoDraw = False
95.5295 	EXP 	trial_leftShape: autoDraw = False
95.5295 	EXP 	trial_rightShape: autoDraw = False
95.5295 	EXP 	trial_debugtxt: autoDraw = False
95.5295 	EXP 	feedback_leftShape: fillColor = 'green (named)'
95.5295 	EXP 	feedback_leftShape: lineColor = '[ 0.  0.  0.] (rgb)'
95.5295 	EXP 	feedback_rightShape: fillColor = 'green (named)'
95.5295 	EXP 	feedback_rightShape: lineColor = '[ 0.  1.  0.] (rgb)'
95.5295 	EXP 	feedback_leftShape: autoDraw = True
95.5295 	EXP 	feedback_rightShape: autoDraw = True
96.5173 	EXP 	New trial (rep=20, index=0): None
96.5188 	EXP 	window1: recordFrameIntervals = False
96.5317 	EXP 	feedback_leftShape: autoDraw = False
96.5317 	EXP 	feedback_rightShape: autoDraw = False
96.5317 	EXP 	feedback_leftShape: autoDraw = False
96.5317 	EXP 	feedback_rightShape: autoDraw = False
96.5317 	EXP 	trial_leftShape: fillColor = '[ 0.  0.  0.] (rgb)'
96.5317 	EXP 	trial_rightShape: fillColor = '[ 0.  0.  0.] (rgb)'
96.5320 	EXP 	window1: recordFrameIntervals = False
97.1330 	EXP 	trial_fixation: autoDraw = True
97.1330 	EXP 	trial_leftShape: autoDraw = True
97.1330 	EXP 	trial_rightShape: autoDraw = True
97.1330 	EXP 	trial_debugtxt: autoDraw = True
97.5180 	DATA 	Keypress: left
99.4891 	DATA 	Keypress: right
100.1173 	ERROR 	If you setColor with a numeric color value then you need to specify a color space, e.g. setColor([1,1,-1],'rgb'), unless you used a numeric value previously in which case PsychoPy will reuse that color space.)
100.1394 	EXP 	trial_fixation: autoDraw = False
100.1394 	EXP 	trial_leftShape: autoDraw = False
100.1394 	EXP 	trial_rightShape: autoDraw = False
100.1394 	EXP 	trial_debugtxt: autoDraw = False
100.1394 	EXP 	feedback_leftShape: fillColor = 'green (named)'
100.1394 	EXP 	feedback_leftShape: lineColor = '[ 0.  0.  0.] (rgb)'
100.1394 	EXP 	feedback_rightShape: fillColor = 'green (named)'
100.1394 	EXP 	feedback_rightShape: lineColor = '[ 0.  1.  0.] (rgb)'
100.1394 	EXP 	feedback_leftShape: autoDraw = True
100.1394 	EXP 	feedback_rightShape: autoDraw = True
101.1100 	EXP 	New trial (rep=21, index=0): None
101.1115 	EXP 	window1: recordFrameIntervals = False
101.1248 	EXP 	feedback_leftShape: autoDraw = False
101.1248 	EXP 	feedback_rightShape: autoDraw = False
101.1248 	EXP 	feedback_leftShape: autoDraw = False
101.1248 	EXP 	feedback_rightShape: autoDraw = False
101.1248 	EXP 	trial_leftShape: fillColor = '[ 0.  0.  0.] (rgb)'
101.1248 	EXP 	trial_rightShape: fillColor = '[ 0.  0.  0.] (rgb)'
101.1250 	EXP 	window1: recordFrameIntervals = False
102.3942 	EXP 	trial_fixation: autoDraw = True
102.3942 	EXP 	trial_leftShape: autoDraw = True
102.3942 	EXP 	trial_rightShape: autoDraw = True
102.3942 	EXP 	trial_debugtxt: autoDraw = True
102.9857 	DATA 	Keypress: left
105.0522 	DATA 	Keypress: right
105.3779 	ERROR 	If you setColor with a numeric color value then you need to specify a color space, e.g. setColor([1,1,-1],'rgb'), unless you used a numeric value previously in which case PsychoPy will reuse that color space.)
105.3838 	EXP 	trial_fixation: autoDraw = False
105.3838 	EXP 	trial_leftShape: autoDraw = False
105.3838 	EXP 	trial_rightShape: autoDraw = False
105.3838 	EXP 	trial_debugtxt: autoDraw = False
105.3838 	EXP 	feedback_leftShape: fillColor = 'green (named)'
105.3838 	EXP 	feedback_leftShape: lineColor = '[ 0.  0.  0.] (rgb)'
105.3838 	EXP 	feedback_rightShape: fillColor = 'green (named)'
105.3838 	EXP 	feedback_rightShape: lineColor = '[ 0.  1.  0.] (rgb)'
105.3838 	EXP 	feedback_leftShape: autoDraw = True
105.3838 	EXP 	feedback_rightShape: autoDraw = True
106.3716 	EXP 	New trial (rep=22, index=0): None
106.3731 	EXP 	window1: recordFrameIntervals = False
106.3860 	EXP 	feedback_leftShape: autoDraw = False
106.3860 	EXP 	feedback_rightShape: autoDraw = False
106.3860 	EXP 	feedback_leftShape: autoDraw = False
106.3860 	EXP 	feedback_rightShape: autoDraw = False
106.3860 	EXP 	trial_leftShape: fillColor = '[ 0.  0.  0.] (rgb)'
106.3860 	EXP 	trial_rightShape: fillColor = '[ 0.  0.  0.] (rgb)'
106.3863 	EXP 	window1: recordFrameIntervals = False
107.8892 	EXP 	trial_fixation: autoDraw = True
107.8892 	EXP 	trial_leftShape: autoDraw = True
107.8892 	EXP 	trial_rightShape: autoDraw = True
107.8892 	EXP 	trial_debugtxt: autoDraw = True
108.0840 	DATA 	Keypress: left
109.6042 	DATA 	Keypress: right
110.8728 	ERROR 	If you setColor with a numeric color value then you need to specify a color space, e.g. setColor([1,1,-1],'rgb'), unless you used a numeric value previously in which case PsychoPy will reuse that color space.)
110.8789 	EXP 	trial_fixation: autoDraw = False
110.8789 	EXP 	trial_leftShape: autoDraw = False
110.8789 	EXP 	trial_rightShape: autoDraw = False
110.8789 	EXP 	trial_debugtxt: autoDraw = False
110.8789 	EXP 	feedback_leftShape: fillColor = 'green (named)'
110.8789 	EXP 	feedback_leftShape: lineColor = '[ 0.  0.  0.] (rgb)'
110.8789 	EXP 	feedback_rightShape: fillColor = 'green (named)'
110.8789 	EXP 	feedback_rightShape: lineColor = '[ 0.  1.  0.] (rgb)'
110.8789 	EXP 	feedback_leftShape: autoDraw = True
110.8789 	EXP 	feedback_rightShape: autoDraw = True
111.8662 	EXP 	New trial (rep=23, index=0): None
111.8677 	EXP 	window1: recordFrameIntervals = False
111.8810 	EXP 	feedback_leftShape: autoDraw = False
111.8810 	EXP 	feedback_rightShape: autoDraw = False
111.8810 	EXP 	feedback_leftShape: autoDraw = False
111.8810 	EXP 	feedback_rightShape: autoDraw = False
111.8810 	EXP 	trial_leftShape: fillColor = '[ 0.  0.  0.] (rgb)'
111.8810 	EXP 	trial_rightShape: fillColor = '[ 0.  0.  0.] (rgb)'
111.8813 	EXP 	window1: recordFrameIntervals = False
112.4322 	EXP 	trial_fixation: autoDraw = True
112.4322 	EXP 	trial_leftShape: autoDraw = True
112.4322 	EXP 	trial_rightShape: autoDraw = True
112.4322 	EXP 	trial_debugtxt: autoDraw = True
112.5267 	DATA 	Keypress: left
115.0661 	DATA 	Keypress: right
115.4168 	ERROR 	If you setColor with a numeric color value then you need to specify a color space, e.g. setColor([1,1,-1],'rgb'), unless you used a numeric value previously in which case PsychoPy will reuse that color space.)
115.4387 	EXP 	trial_fixation: autoDraw = False
115.4387 	EXP 	trial_leftShape: autoDraw = False
115.4387 	EXP 	trial_rightShape: autoDraw = False
115.4387 	EXP 	trial_debugtxt: autoDraw = False
115.4387 	EXP 	feedback_leftShape: fillColor = 'green (named)'
115.4387 	EXP 	feedback_leftShape: lineColor = '[ 0.  0.  0.] (rgb)'
115.4387 	EXP 	feedback_rightShape: fillColor = 'green (named)'
115.4387 	EXP 	feedback_rightShape: lineColor = '[ 0.  1.  0.] (rgb)'
115.4387 	EXP 	feedback_leftShape: autoDraw = True
115.4387 	EXP 	feedback_rightShape: autoDraw = True
116.4096 	EXP 	New trial (rep=24, index=0): None
116.4112 	EXP 	window1: recordFrameIntervals = False
116.4241 	EXP 	feedback_leftShape: autoDraw = False
116.4241 	EXP 	feedback_rightShape: autoDraw = False
116.4241 	EXP 	feedback_leftShape: autoDraw = False
116.4241 	EXP 	feedback_rightShape: autoDraw = False
116.4241 	EXP 	trial_leftShape: fillColor = '[ 0.  0.  0.] (rgb)'
116.4241 	EXP 	trial_rightShape: fillColor = '[ 0.  0.  0.] (rgb)'
116.4243 	EXP 	window1: recordFrameIntervals = False
117.4930 	EXP 	trial_fixation: autoDraw = True
117.4930 	EXP 	trial_leftShape: autoDraw = True
117.4930 	EXP 	trial_rightShape: autoDraw = True
117.4930 	EXP 	trial_debugtxt: autoDraw = True
118.1510 	DATA 	Keypress: left
120.4728 	ERROR 	If you setColor with a numeric color value then you need to specify a color space, e.g. setColor([1,1,-1],'rgb'), unless you used a numeric value previously in which case PsychoPy will reuse that color space.)
120.4756 	DATA 	Keypress: right
120.4827 	EXP 	trial_fixation: autoDraw = False
120.4827 	EXP 	trial_leftShape: autoDraw = False
120.4827 	EXP 	trial_rightShape: autoDraw = False
120.4827 	EXP 	trial_debugtxt: autoDraw = False
120.4827 	EXP 	feedback_leftShape: fillColor = 'green (named)'
120.4827 	EXP 	feedback_leftShape: lineColor = '[ 0.  0.  0.] (rgb)'
120.4827 	EXP 	feedback_rightShape: fillColor = 'red (named)'
120.4827 	EXP 	feedback_rightShape: lineColor = '[ 0.  0.  0.] (rgb)'
120.4827 	EXP 	feedback_leftShape: autoDraw = True
120.4827 	EXP 	feedback_rightShape: autoDraw = True
121.4705 	EXP 	New trial (rep=25, index=0): None
121.4719 	EXP 	window1: recordFrameIntervals = False
121.4849 	EXP 	feedback_leftShape: autoDraw = False
121.4849 	EXP 	feedback_rightShape: autoDraw = False
121.4849 	EXP 	feedback_leftShape: autoDraw = False
121.4849 	EXP 	feedback_rightShape: autoDraw = False
121.4849 	EXP 	trial_leftShape: fillColor = '[ 0.  0.  0.] (rgb)'
121.4849 	EXP 	trial_rightShape: fillColor = '[ 0.  0.  0.] (rgb)'
121.4852 	EXP 	window1: recordFrameIntervals = False
122.1362 	EXP 	trial_fixation: autoDraw = True
122.1362 	EXP 	trial_leftShape: autoDraw = True
122.1362 	EXP 	trial_rightShape: autoDraw = True
122.1362 	EXP 	trial_debugtxt: autoDraw = True
122.6215 	DATA 	Keypress: left
124.7656 	DATA 	Keypress: right
125.1154 	ERROR 	If you setColor with a numeric color value then you need to specify a color space, e.g. setColor([1,1,-1],'rgb'), unless you used a numeric value previously in which case PsychoPy will reuse that color space.)
125.1260 	EXP 	trial_fixation: autoDraw = False
125.1260 	EXP 	trial_leftShape: autoDraw = False
125.1260 	EXP 	trial_rightShape: autoDraw = False
125.1260 	EXP 	trial_debugtxt: autoDraw = False
125.1260 	EXP 	feedback_leftShape: fillColor = 'green (named)'
125.1260 	EXP 	feedback_leftShape: lineColor = '[ 0.  0.  0.] (rgb)'
125.1260 	EXP 	feedback_rightShape: fillColor = 'green (named)'
125.1260 	EXP 	feedback_rightShape: lineColor = '[ 0.  1.  0.] (rgb)'
125.1260 	EXP 	feedback_leftShape: autoDraw = True
125.1260 	EXP 	feedback_rightShape: autoDraw = True
126.1137 	EXP 	New trial (rep=26, index=0): None
126.1151 	EXP 	window1: recordFrameIntervals = False
126.1281 	EXP 	feedback_leftShape: autoDraw = False
126.1281 	EXP 	feedback_rightShape: autoDraw = False
126.1281 	EXP 	feedback_leftShape: autoDraw = False
126.1281 	EXP 	feedback_rightShape: autoDraw = False
126.1281 	EXP 	trial_leftShape: fillColor = '[ 0.  0.  0.] (rgb)'
126.1281 	EXP 	trial_rightShape: fillColor = '[ 0.  0.  0.] (rgb)'
126.1284 	EXP 	window1: recordFrameIntervals = False
127.2304 	EXP 	trial_fixation: autoDraw = True
127.2304 	EXP 	trial_leftShape: autoDraw = True
127.2304 	EXP 	trial_rightShape: autoDraw = True
127.2304 	EXP 	trial_debugtxt: autoDraw = True
129.0910 	DATA 	Keypress: left
129.2292 	ERROR 	If you setColor with a numeric color value then you need to specify a color space, e.g. setColor([1,1,-1],'rgb'), unless you used a numeric value previously in which case PsychoPy will reuse that color space.)
129.2346 	EXP 	trial_fixation: autoDraw = False
129.2346 	EXP 	trial_leftShape: autoDraw = False
129.2346 	EXP 	trial_rightShape: autoDraw = False
129.2346 	EXP 	trial_debugtxt: autoDraw = False
129.2346 	EXP 	feedback_leftShape: fillColor = 'green (named)'
129.2346 	EXP 	feedback_leftShape: lineColor = '[ 0.  0.  0.] (rgb)'
129.2346 	EXP 	feedback_rightShape: fillColor = 'green (named)'
129.2346 	EXP 	feedback_rightShape: lineColor = '[ 0.  0.  0.] (rgb)'
129.2346 	EXP 	feedback_leftShape: autoDraw = True
129.2346 	EXP 	feedback_rightShape: autoDraw = True
130.2224 	EXP 	New trial (rep=27, index=0): None
130.2239 	EXP 	window1: recordFrameIntervals = False
130.2368 	EXP 	feedback_leftShape: autoDraw = False
130.2368 	EXP 	feedback_rightShape: autoDraw = False
130.2368 	EXP 	feedback_leftShape: autoDraw = False
130.2368 	EXP 	feedback_rightShape: autoDraw = False
130.2368 	EXP 	trial_leftShape: fillColor = '[ 0.  0.  0.] (rgb)'
130.2368 	EXP 	trial_rightShape: fillColor = '[ 0.  0.  0.] (rgb)'
130.2371 	EXP 	window1: recordFrameIntervals = False
131.5229 	EXP 	trial_fixation: autoDraw = True
131.5229 	EXP 	trial_leftShape: autoDraw = True
131.5229 	EXP 	trial_rightShape: autoDraw = True
131.5229 	EXP 	trial_debugtxt: autoDraw = True
131.7683 	DATA 	Keypress: left
133.5046 	ERROR 	If you setColor with a numeric color value then you need to specify a color space, e.g. setColor([1,1,-1],'rgb'), unless you used a numeric value previously in which case PsychoPy will reuse that color space.)
133.5105 	EXP 	trial_fixation: autoDraw = False
133.5105 	EXP 	trial_leftShape: autoDraw = False
133.5105 	EXP 	trial_rightShape: autoDraw = False
133.5105 	EXP 	trial_debugtxt: autoDraw = False
133.5105 	EXP 	feedback_leftShape: fillColor = 'green (named)'
133.5105 	EXP 	feedback_leftShape: lineColor = '[ 0.  0.  0.] (rgb)'
133.5105 	EXP 	feedback_rightShape: fillColor = 'green (named)'
133.5105 	EXP 	feedback_rightShape: lineColor = '[ 0.  0.  0.] (rgb)'
133.5105 	EXP 	feedback_leftShape: autoDraw = True
133.5105 	EXP 	feedback_rightShape: autoDraw = True
133.5294 	DATA 	Keypress: right
134.4982 	EXP 	New trial (rep=28, index=0): None
134.4998 	EXP 	window1: recordFrameIntervals = False
134.5126 	EXP 	feedback_leftShape: autoDraw = False
134.5126 	EXP 	feedback_rightShape: autoDraw = False
134.5126 	EXP 	feedback_leftShape: autoDraw = False
134.5126 	EXP 	feedback_rightShape: autoDraw = False
134.5126 	EXP 	trial_leftShape: fillColor = '[ 0.  0.  0.] (rgb)'
134.5126 	EXP 	trial_rightShape: fillColor = '[ 0.  0.  0.] (rgb)'
134.5129 	EXP 	window1: recordFrameIntervals = False
135.5647 	EXP 	trial_fixation: autoDraw = True
135.5647 	EXP 	trial_leftShape: autoDraw = True
135.5647 	EXP 	trial_rightShape: autoDraw = True
135.5647 	EXP 	trial_debugtxt: autoDraw = True
135.8938 	DATA 	Keypress: left
137.5423 	ERROR 	If you setColor with a numeric color value then you need to specify a color space, e.g. setColor([1,1,-1],'rgb'), unless you used a numeric value previously in which case PsychoPy will reuse that color space.)
137.5524 	EXP 	trial_fixation: autoDraw = False
137.5524 	EXP 	trial_leftShape: autoDraw = False
137.5524 	EXP 	trial_rightShape: autoDraw = False
137.5524 	EXP 	trial_debugtxt: autoDraw = False
137.5524 	EXP 	feedback_leftShape: fillColor = 'green (named)'
137.5524 	EXP 	feedback_leftShape: lineColor = '[ 0.  0.  0.] (rgb)'
137.5524 	EXP 	feedback_rightShape: fillColor = 'green (named)'
137.5524 	EXP 	feedback_rightShape: lineColor = '[ 0.  0.  0.] (rgb)'
137.5524 	EXP 	feedback_leftShape: autoDraw = True
137.5524 	EXP 	feedback_rightShape: autoDraw = True
137.7218 	DATA 	Keypress: right
138.5402 	EXP 	New trial (rep=29, index=0): None
138.5417 	EXP 	window1: recordFrameIntervals = False
138.5545 	EXP 	feedback_leftShape: autoDraw = False
138.5545 	EXP 	feedback_rightShape: autoDraw = False
138.5545 	EXP 	feedback_leftShape: autoDraw = False
138.5545 	EXP 	feedback_rightShape: autoDraw = False
138.5545 	EXP 	trial_leftShape: fillColor = '[ 0.  0.  0.] (rgb)'
138.5545 	EXP 	trial_rightShape: fillColor = '[ 0.  0.  0.] (rgb)'
138.5547 	EXP 	window1: recordFrameIntervals = False
139.6068 	EXP 	trial_fixation: autoDraw = True
139.6068 	EXP 	trial_leftShape: autoDraw = True
139.6068 	EXP 	trial_rightShape: autoDraw = True
139.6068 	EXP 	trial_debugtxt: autoDraw = True
139.9981 	DATA 	Keypress: left
141.5119 	DATA 	Keypress: right
142.6071 	ERROR 	If you setColor with a numeric color value then you need to specify a color space, e.g. setColor([1,1,-1],'rgb'), unless you used a numeric value previously in which case PsychoPy will reuse that color space.)
142.6132 	EXP 	trial_fixation: autoDraw = False
142.6132 	EXP 	trial_leftShape: autoDraw = False
142.6132 	EXP 	trial_rightShape: autoDraw = False
142.6132 	EXP 	trial_debugtxt: autoDraw = False
142.6132 	EXP 	feedback_leftShape: fillColor = 'green (named)'
142.6132 	EXP 	feedback_leftShape: lineColor = '[ 0.  0.  0.] (rgb)'
142.6132 	EXP 	feedback_rightShape: fillColor = 'green (named)'
142.6132 	EXP 	feedback_rightShape: lineColor = '[ 0.  1.  0.] (rgb)'
142.6132 	EXP 	feedback_leftShape: autoDraw = True
142.6132 	EXP 	feedback_rightShape: autoDraw = True
143.6610 	EXP 	window1: mouseVisible = True
