6.5196 	EXP 	Created window1 = Window(allowGUI=False, allowStencil=False, autoLog=True, bitsMode=UNKNOWN, blendMode='avg', color=array([ 0.,  0.,  0.]), colorSpace='rgb', fullscr=UNKNOWN, gamma=None, lms=UNKNOWN, monitor=<psychopy.monitors.calibTools.Monitor instance at 0x10f5495a8>, name='window1', pos=[0, 0], screen=0, size=array([1280,  800]), stereo=False, units=u'norm', useFBO=True, viewOri=0.0, viewPos=None, viewScale=None, waitBlanking=True, winType='pyglet')
6.5197 	EXP 	window1: recordFrameIntervals = False
6.6851 	EXP 	window1: recordFrameIntervals = True
6.8690 	EXP 	window1: recordFrameIntervals = False
6.9158 	EXP 	Created trial_fixation = TextStim(alignHoriz='center', alignVert='center', antialias=True, autoLog=True, bold=False, color='white', colorSpace='named', contrast=1.0, depth=-1.0, flipHoriz=False, flipVert=False, font='Arial', fontFiles=[], height=0.1, italic=False, name='trial_fixation', opacity=1.0, ori=0, pos=array([ 0.,  0.]), rgb=array([ 255.,  255.,  255.]), text=u'+', units=u'norm', win=Window(...), wrapWidth=1)
6.9193 	EXP 	<method-wrapper '__getattribute__' of attributeSetter object at 0x10b0e3590>: vertices = array([[-0.25,  0.25],
       [ 0.25,  0.25],
       [ 0.25, -0.25],
       [-0.25, -0.25]])
6.9227 	EXP 	Created trial_leftShape = Rect(autoDraw=False, autoLog=True, closeShape=True, contrast=1.0, depth=-3.0, fillColor=array([ 1.,  1.,  1.]), fillColorSpace='rgb', fillRGB=array([ 1.,  1.,  1.]), interpolate=True, lineColor=array([ 1.,  1.,  1.]), lineColorSpace='rgb', lineRGB=array([ 1.,  1.,  1.]), lineWidth=3, name='trial_leftShape', opacity=1.0, ori=array(0.0), pos=array([-0.5,  0. ]), size=array([ 1.,  1.]), units=u'norm', vertices=ndarray(...), win=Window(...))
6.9233 	EXP 	<method-wrapper '__getattribute__' of attributeSetter object at 0x10b0e3590>: vertices = array([[-0.25,  0.25],
       [ 0.25,  0.25],
       [ 0.25, -0.25],
       [-0.25, -0.25]])
6.9265 	EXP 	Created trial_rightShape = Rect(autoDraw=False, autoLog=True, closeShape=True, contrast=1.0, depth=-4.0, fillColor=array([ 1.,  1.,  1.]), fillColorSpace='rgb', fillRGB=array([ 1.,  1.,  1.]), interpolate=True, lineColor=array([ 1.,  1.,  1.]), lineColorSpace='rgb', lineRGB=array([ 1.,  1.,  1.]), lineWidth=3, name='trial_rightShape', opacity=1.0, ori=array(0.0), pos=array([ 0.5,  0. ]), size=array([ 1.,  1.]), units=u'norm', vertices=ndarray(...), win=Window(...))
6.9391 	EXP 	Created trial_debugtxt = TextStim(alignHoriz='center', alignVert='center', antialias=True, autoLog=True, bold=False, color='white', colorSpace='named', contrast=1.0, depth=-5.0, flipHoriz=False, flipVert=False, font='Arial', fontFiles=[], height=0.1, italic=False, name='trial_debugtxt', opacity=1.0, ori=0, pos=array([ 0.  ,  0.75]), rgb=array([ 255.,  255.,  255.]), text=u'default text', units=u'norm', win=Window(...), wrapWidth=1)
6.9397 	EXP 	<method-wrapper '__getattribute__' of attributeSetter object at 0x10b0e3590>: vertices = array([[-0.25,  0.25],
       [ 0.25,  0.25],
       [ 0.25, -0.25],
       [-0.25, -0.25]])
6.9430 	EXP 	Created feedback_leftShape = Rect(autoDraw=False, autoLog=True, closeShape=True, contrast=1.0, depth=-1.0, fillColor=array([ 1.,  1.,  1.]), fillColorSpace='rgb', fillRGB=array([ 1.,  1.,  1.]), interpolate=True, lineColor=array([ 1.,  1.,  1.]), lineColorSpace='rgb', lineRGB=array([ 1.,  1.,  1.]), lineWidth=3, name='feedback_leftShape', opacity=1.0, ori=array(0.0), pos=array([-0.5,  0. ]), size=array([ 1.,  1.]), units=u'norm', vertices=ndarray(...), win=Window(...))
6.9436 	EXP 	<method-wrapper '__getattribute__' of attributeSetter object at 0x10b0e3590>: vertices = array([[-0.25,  0.25],
       [ 0.25,  0.25],
       [ 0.25, -0.25],
       [-0.25, -0.25]])
6.9469 	EXP 	Created feedback_rightShape = Rect(autoDraw=False, autoLog=True, closeShape=True, contrast=1.0, depth=-2.0, fillColor=array([ 1.,  1.,  1.]), fillColorSpace='rgb', fillRGB=array([ 1.,  1.,  1.]), interpolate=True, lineColor=array([ 1.,  1.,  1.]), lineColorSpace='rgb', lineRGB=array([ 1.,  1.,  1.]), lineWidth=3, name='feedback_rightShape', opacity=1.0, ori=array(0.0), pos=array([ 0.5,  0. ]), size=array([ 1.,  1.]), units=u'norm', vertices=ndarray(...), win=Window(...))
6.9478 	EXP 	Created sequence: random, trialTypes=1, nReps=30, seed=None
6.9483 	EXP 	New trial (rep=0, index=0): None
6.9490 	EXP 	window1: recordFrameIntervals = False
6.9689 	EXP 	trial_leftShape: fillColor = '[ 0.  0.  0.] (rgb)'
6.9689 	EXP 	trial_rightShape: fillColor = '[ 0.  0.  0.] (rgb)'
6.9691 	EXP 	window1: recordFrameIntervals = False
7.9878 	EXP 	trial_fixation: autoDraw = True
7.9878 	EXP 	trial_leftShape: autoDraw = True
7.9878 	EXP 	trial_rightShape: autoDraw = True
7.9878 	EXP 	trial_debugtxt: autoDraw = True
8.7262 	DATA 	Keypress: left
9.9754 	EXP 	trial_fixation: autoDraw = False
9.9754 	EXP 	trial_leftShape: autoDraw = False
9.9754 	EXP 	trial_rightShape: autoDraw = False
9.9754 	EXP 	trial_debugtxt: autoDraw = False
9.9754 	EXP 	feedback_leftShape: fillColor = 'green (named)'
9.9754 	EXP 	feedback_leftShape: lineColor = '[ 0.  0.  0.] (rgb)'
9.9754 	EXP 	feedback_rightShape: fillColor = '[ 0.  0.  0.] (rgb)'
9.9754 	EXP 	feedback_rightShape: lineColor = '[ 0.  0.  0.] (rgb)'
9.9754 	EXP 	feedback_leftShape: autoDraw = True
9.9754 	EXP 	feedback_rightShape: autoDraw = True
10.9622 	EXP 	New trial (rep=1, index=0): None
10.9637 	EXP 	window1: recordFrameIntervals = False
10.9776 	EXP 	feedback_leftShape: autoDraw = False
10.9776 	EXP 	feedback_rightShape: autoDraw = False
10.9776 	EXP 	feedback_leftShape: autoDraw = False
10.9776 	EXP 	feedback_rightShape: autoDraw = False
10.9776 	EXP 	trial_leftShape: fillColor = '[ 0.  0.  0.] (rgb)'
10.9776 	EXP 	trial_rightShape: fillColor = '[ 0.  0.  0.] (rgb)'
10.9778 	EXP 	window1: recordFrameIntervals = False
12.2967 	EXP 	trial_fixation: autoDraw = True
12.2967 	EXP 	trial_leftShape: autoDraw = True
12.2967 	EXP 	trial_rightShape: autoDraw = True
12.2967 	EXP 	trial_debugtxt: autoDraw = True
12.5873 	DATA 	Keypress: left
14.3012 	EXP 	trial_fixation: autoDraw = False
14.3012 	EXP 	trial_leftShape: autoDraw = False
14.3012 	EXP 	trial_rightShape: autoDraw = False
14.3012 	EXP 	trial_debugtxt: autoDraw = False
14.3012 	EXP 	feedback_leftShape: fillColor = 'green (named)'
14.3012 	EXP 	feedback_leftShape: lineColor = '[ 0.  0.  0.] (rgb)'
14.3012 	EXP 	feedback_rightShape: fillColor = '[ 0.  0.  0.] (rgb)'
14.3012 	EXP 	feedback_rightShape: lineColor = '[ 0.  0.  0.] (rgb)'
14.3012 	EXP 	feedback_leftShape: autoDraw = True
14.3012 	EXP 	feedback_rightShape: autoDraw = True
15.2884 	EXP 	New trial (rep=2, index=0): None
15.2898 	EXP 	window1: recordFrameIntervals = False
15.3031 	EXP 	feedback_leftShape: autoDraw = False
15.3031 	EXP 	feedback_rightShape: autoDraw = False
15.3031 	EXP 	feedback_leftShape: autoDraw = False
15.3031 	EXP 	feedback_rightShape: autoDraw = False
15.3031 	EXP 	trial_leftShape: fillColor = '[ 0.  0.  0.] (rgb)'
15.3031 	EXP 	trial_rightShape: fillColor = '[ 0.  0.  0.] (rgb)'
15.3033 	EXP 	window1: recordFrameIntervals = False
16.2889 	EXP 	trial_fixation: autoDraw = True
16.2889 	EXP 	trial_leftShape: autoDraw = True
16.2889 	EXP 	trial_rightShape: autoDraw = True
16.2889 	EXP 	trial_debugtxt: autoDraw = True
16.6005 	DATA 	Keypress: left
18.2764 	EXP 	trial_fixation: autoDraw = False
18.2764 	EXP 	trial_leftShape: autoDraw = False
18.2764 	EXP 	trial_rightShape: autoDraw = False
18.2764 	EXP 	trial_debugtxt: autoDraw = False
18.2764 	EXP 	feedback_leftShape: fillColor = 'green (named)'
18.2764 	EXP 	feedback_leftShape: lineColor = '[ 0.  0.  0.] (rgb)'
18.2764 	EXP 	feedback_rightShape: fillColor = '[ 0.  0.  0.] (rgb)'
18.2764 	EXP 	feedback_rightShape: lineColor = '[ 0.  0.  0.] (rgb)'
18.2764 	EXP 	feedback_leftShape: autoDraw = True
18.2764 	EXP 	feedback_rightShape: autoDraw = True
19.2635 	EXP 	New trial (rep=3, index=0): None
19.2649 	EXP 	window1: recordFrameIntervals = False
19.2783 	EXP 	feedback_leftShape: autoDraw = False
19.2783 	EXP 	feedback_rightShape: autoDraw = False
19.2783 	EXP 	feedback_leftShape: autoDraw = False
19.2783 	EXP 	feedback_rightShape: autoDraw = False
19.2783 	EXP 	trial_leftShape: fillColor = '[ 0.  0.  0.] (rgb)'
19.2783 	EXP 	trial_rightShape: fillColor = '[ 0.  0.  0.] (rgb)'
19.2785 	EXP 	window1: recordFrameIntervals = False
20.7663 	DATA 	Keypress: left
20.7816 	EXP 	trial_fixation: autoDraw = True
20.7816 	EXP 	trial_leftShape: autoDraw = True
20.7816 	EXP 	trial_rightShape: autoDraw = True
20.7816 	EXP 	trial_debugtxt: autoDraw = True
21.1167 	DATA 	Keypress: left
23.2223 	DATA 	Keypress: right
23.7611 	ERROR 	If you setColor with a numeric color value then you need to specify a color space, e.g. setColor([1,1,-1],'rgb'), unless you used a numeric value previously in which case PsychoPy will reuse that color space.)
23.7714 	EXP 	trial_fixation: autoDraw = False
23.7714 	EXP 	trial_leftShape: autoDraw = False
23.7714 	EXP 	trial_rightShape: autoDraw = False
23.7714 	EXP 	trial_debugtxt: autoDraw = False
23.7714 	EXP 	feedback_leftShape: fillColor = 'green (named)'
23.7714 	EXP 	feedback_leftShape: lineColor = '[ 0.  0.  0.] (rgb)'
23.7714 	EXP 	feedback_rightShape: fillColor = 'green (named)'
23.7714 	EXP 	feedback_rightShape: lineColor = '[ 0.  1.  0.] (rgb)'
23.7714 	EXP 	feedback_leftShape: autoDraw = True
23.7714 	EXP 	feedback_rightShape: autoDraw = True
24.7588 	EXP 	New trial (rep=4, index=0): None
24.7603 	EXP 	window1: recordFrameIntervals = False
24.7736 	EXP 	feedback_leftShape: autoDraw = False
24.7736 	EXP 	feedback_rightShape: autoDraw = False
24.7736 	EXP 	feedback_leftShape: autoDraw = False
24.7736 	EXP 	feedback_rightShape: autoDraw = False
24.7736 	EXP 	trial_leftShape: fillColor = '[ 0.  0.  0.] (rgb)'
24.7736 	EXP 	trial_rightShape: fillColor = '[ 0.  0.  0.] (rgb)'
24.7739 	EXP 	window1: recordFrameIntervals = False
26.2100 	EXP 	trial_fixation: autoDraw = True
26.2100 	EXP 	trial_leftShape: autoDraw = True
26.2100 	EXP 	trial_rightShape: autoDraw = True
26.2100 	EXP 	trial_debugtxt: autoDraw = True
26.4508 	DATA 	Keypress: left
28.7006 	DATA 	Keypress: right
29.1719 	ERROR 	If you setColor with a numeric color value then you need to specify a color space, e.g. setColor([1,1,-1],'rgb'), unless you used a numeric value previously in which case PsychoPy will reuse that color space.)
29.1826 	EXP 	trial_fixation: autoDraw = False
29.1826 	EXP 	trial_leftShape: autoDraw = False
29.1826 	EXP 	trial_rightShape: autoDraw = False
29.1826 	EXP 	trial_debugtxt: autoDraw = False
29.1826 	EXP 	feedback_leftShape: fillColor = 'green (named)'
29.1826 	EXP 	feedback_leftShape: lineColor = '[ 0.  0.  0.] (rgb)'
29.1826 	EXP 	feedback_rightShape: fillColor = 'green (named)'
29.1826 	EXP 	feedback_rightShape: lineColor = '[ 0.  1.  0.] (rgb)'
29.1826 	EXP 	feedback_leftShape: autoDraw = True
29.1826 	EXP 	feedback_rightShape: autoDraw = True
30.1697 	EXP 	New trial (rep=5, index=0): None
30.1709 	EXP 	window1: recordFrameIntervals = False
30.1852 	EXP 	feedback_leftShape: autoDraw = False
30.1852 	EXP 	feedback_rightShape: autoDraw = False
30.1852 	EXP 	feedback_leftShape: autoDraw = False
30.1852 	EXP 	feedback_rightShape: autoDraw = False
30.1852 	EXP 	trial_leftShape: fillColor = '[ 0.  0.  0.] (rgb)'
30.1852 	EXP 	trial_rightShape: fillColor = '[ 0.  0.  0.] (rgb)'
30.1853 	EXP 	window1: recordFrameIntervals = False
31.2874 	EXP 	trial_fixation: autoDraw = True
31.2874 	EXP 	trial_leftShape: autoDraw = True
31.2874 	EXP 	trial_rightShape: autoDraw = True
31.2874 	EXP 	trial_debugtxt: autoDraw = True
31.5629 	DATA 	Keypress: left
33.2865 	ERROR 	If you setColor with a numeric color value then you need to specify a color space, e.g. setColor([1,1,-1],'rgb'), unless you used a numeric value previously in which case PsychoPy will reuse that color space.)
33.2917 	EXP 	trial_fixation: autoDraw = False
33.2917 	EXP 	trial_leftShape: autoDraw = False
33.2917 	EXP 	trial_rightShape: autoDraw = False
33.2917 	EXP 	trial_debugtxt: autoDraw = False
33.2917 	EXP 	feedback_leftShape: fillColor = 'green (named)'
33.2917 	EXP 	feedback_leftShape: lineColor = '[ 0.  0.  0.] (rgb)'
33.2917 	EXP 	feedback_rightShape: fillColor = 'green (named)'
33.2917 	EXP 	feedback_rightShape: lineColor = '[ 0.  0.  0.] (rgb)'
33.2917 	EXP 	feedback_leftShape: autoDraw = True
33.2917 	EXP 	feedback_rightShape: autoDraw = True
34.2795 	EXP 	New trial (rep=6, index=0): None
34.2809 	EXP 	window1: recordFrameIntervals = False
34.2936 	EXP 	feedback_leftShape: autoDraw = False
34.2936 	EXP 	feedback_rightShape: autoDraw = False
34.2936 	EXP 	feedback_leftShape: autoDraw = False
34.2936 	EXP 	feedback_rightShape: autoDraw = False
34.2936 	EXP 	trial_leftShape: fillColor = '[ 0.  0.  0.] (rgb)'
34.2936 	EXP 	trial_rightShape: fillColor = '[ 0.  0.  0.] (rgb)'
34.2938 	EXP 	window1: recordFrameIntervals = False
35.5131 	EXP 	trial_fixation: autoDraw = True
35.5131 	EXP 	trial_leftShape: autoDraw = True
35.5131 	EXP 	trial_rightShape: autoDraw = True
35.5131 	EXP 	trial_debugtxt: autoDraw = True
35.8203 	DATA 	Keypress: left
37.7858 	DATA 	Keypress: right
38.4923 	ERROR 	If you setColor with a numeric color value then you need to specify a color space, e.g. setColor([1,1,-1],'rgb'), unless you used a numeric value previously in which case PsychoPy will reuse that color space.)
38.5025 	EXP 	trial_fixation: autoDraw = False
38.5025 	EXP 	trial_leftShape: autoDraw = False
38.5025 	EXP 	trial_rightShape: autoDraw = False
38.5025 	EXP 	trial_debugtxt: autoDraw = False
38.5025 	EXP 	feedback_leftShape: fillColor = 'green (named)'
38.5025 	EXP 	feedback_leftShape: lineColor = '[ 0.  0.  0.] (rgb)'
38.5025 	EXP 	feedback_rightShape: fillColor = 'green (named)'
38.5025 	EXP 	feedback_rightShape: lineColor = '[ 0.  1.  0.] (rgb)'
38.5025 	EXP 	feedback_leftShape: autoDraw = True
38.5025 	EXP 	feedback_rightShape: autoDraw = True
39.4897 	EXP 	New trial (rep=7, index=0): None
39.4908 	EXP 	window1: recordFrameIntervals = False
39.5050 	EXP 	feedback_leftShape: autoDraw = False
39.5050 	EXP 	feedback_rightShape: autoDraw = False
39.5050 	EXP 	feedback_leftShape: autoDraw = False
39.5050 	EXP 	feedback_rightShape: autoDraw = False
39.5050 	EXP 	trial_leftShape: fillColor = '[ 0.  0.  0.] (rgb)'
39.5050 	EXP 	trial_rightShape: fillColor = '[ 0.  0.  0.] (rgb)'
39.5051 	EXP 	window1: recordFrameIntervals = False
40.3735 	EXP 	trial_fixation: autoDraw = True
40.3735 	EXP 	trial_leftShape: autoDraw = True
40.3735 	EXP 	trial_rightShape: autoDraw = True
40.3735 	EXP 	trial_debugtxt: autoDraw = True
40.6857 	DATA 	Keypress: left
43.1860 	DATA 	Keypress: right
43.3721 	ERROR 	If you setColor with a numeric color value then you need to specify a color space, e.g. setColor([1,1,-1],'rgb'), unless you used a numeric value previously in which case PsychoPy will reuse that color space.)
43.3799 	EXP 	trial_fixation: autoDraw = False
43.3799 	EXP 	trial_leftShape: autoDraw = False
43.3799 	EXP 	trial_rightShape: autoDraw = False
43.3799 	EXP 	trial_debugtxt: autoDraw = False
43.3799 	EXP 	feedback_leftShape: fillColor = 'green (named)'
43.3799 	EXP 	feedback_leftShape: lineColor = '[ 0.  0.  0.] (rgb)'
43.3799 	EXP 	feedback_rightShape: fillColor = 'green (named)'
43.3799 	EXP 	feedback_rightShape: lineColor = '[ 0.  1.  0.] (rgb)'
43.3799 	EXP 	feedback_leftShape: autoDraw = True
43.3799 	EXP 	feedback_rightShape: autoDraw = True
44.3663 	EXP 	New trial (rep=8, index=0): None
44.3671 	EXP 	window1: recordFrameIntervals = False
44.3817 	EXP 	feedback_leftShape: autoDraw = False
44.3817 	EXP 	feedback_rightShape: autoDraw = False
44.3817 	EXP 	feedback_leftShape: autoDraw = False
44.3817 	EXP 	feedback_rightShape: autoDraw = False
44.3817 	EXP 	trial_leftShape: fillColor = '[ 0.  0.  0.] (rgb)'
44.3817 	EXP 	trial_rightShape: fillColor = '[ 0.  0.  0.] (rgb)'
44.3819 	EXP 	window1: recordFrameIntervals = False
45.3341 	EXP 	trial_fixation: autoDraw = True
45.3341 	EXP 	trial_leftShape: autoDraw = True
45.3341 	EXP 	trial_rightShape: autoDraw = True
45.3341 	EXP 	trial_debugtxt: autoDraw = True
45.6022 	DATA 	Keypress: left
48.0012 	DATA 	Keypress: right
48.3176 	ERROR 	If you setColor with a numeric color value then you need to specify a color space, e.g. setColor([1,1,-1],'rgb'), unless you used a numeric value previously in which case PsychoPy will reuse that color space.)
48.3238 	EXP 	trial_fixation: autoDraw = False
48.3238 	EXP 	trial_leftShape: autoDraw = False
48.3238 	EXP 	trial_rightShape: autoDraw = False
48.3238 	EXP 	trial_debugtxt: autoDraw = False
48.3238 	EXP 	feedback_leftShape: fillColor = 'green (named)'
48.3238 	EXP 	feedback_leftShape: lineColor = '[ 0.  0.  0.] (rgb)'
48.3238 	EXP 	feedback_rightShape: fillColor = 'green (named)'
48.3238 	EXP 	feedback_rightShape: lineColor = '[ 0.  1.  0.] (rgb)'
48.3238 	EXP 	feedback_leftShape: autoDraw = True
48.3238 	EXP 	feedback_rightShape: autoDraw = True
49.3107 	EXP 	New trial (rep=9, index=0): None
49.3122 	EXP 	window1: recordFrameIntervals = False
49.3260 	EXP 	feedback_leftShape: autoDraw = False
49.3260 	EXP 	feedback_rightShape: autoDraw = False
49.3260 	EXP 	feedback_leftShape: autoDraw = False
49.3260 	EXP 	feedback_rightShape: autoDraw = False
49.3260 	EXP 	trial_leftShape: fillColor = '[ 0.  0.  0.] (rgb)'
49.3260 	EXP 	trial_rightShape: fillColor = '[ 0.  0.  0.] (rgb)'
49.3262 	EXP 	window1: recordFrameIntervals = False
50.7454 	EXP 	trial_fixation: autoDraw = True
50.7454 	EXP 	trial_leftShape: autoDraw = True
50.7454 	EXP 	trial_rightShape: autoDraw = True
50.7454 	EXP 	trial_debugtxt: autoDraw = True
50.9549 	DATA 	Keypress: left
52.7243 	ERROR 	If you setColor with a numeric color value then you need to specify a color space, e.g. setColor([1,1,-1],'rgb'), unless you used a numeric value previously in which case PsychoPy will reuse that color space.)
52.7332 	EXP 	trial_fixation: autoDraw = False
52.7332 	EXP 	trial_leftShape: autoDraw = False
52.7332 	EXP 	trial_rightShape: autoDraw = False
52.7332 	EXP 	trial_debugtxt: autoDraw = False
52.7332 	EXP 	feedback_leftShape: fillColor = 'green (named)'
52.7332 	EXP 	feedback_leftShape: lineColor = '[ 0.  0.  0.] (rgb)'
52.7332 	EXP 	feedback_rightShape: fillColor = 'green (named)'
52.7332 	EXP 	feedback_rightShape: lineColor = '[ 0.  0.  0.] (rgb)'
52.7332 	EXP 	feedback_leftShape: autoDraw = True
52.7332 	EXP 	feedback_rightShape: autoDraw = True
53.7205 	EXP 	New trial (rep=10, index=0): None
53.7220 	EXP 	window1: recordFrameIntervals = False
53.7354 	EXP 	feedback_leftShape: autoDraw = False
53.7354 	EXP 	feedback_rightShape: autoDraw = False
53.7354 	EXP 	feedback_leftShape: autoDraw = False
53.7354 	EXP 	feedback_rightShape: autoDraw = False
53.7354 	EXP 	trial_leftShape: fillColor = '[ 0.  0.  0.] (rgb)'
53.7354 	EXP 	trial_rightShape: fillColor = '[ 0.  0.  0.] (rgb)'
53.7357 	EXP 	window1: recordFrameIntervals = False
55.1549 	EXP 	trial_fixation: autoDraw = True
55.1549 	EXP 	trial_leftShape: autoDraw = True
55.1549 	EXP 	trial_rightShape: autoDraw = True
55.1549 	EXP 	trial_debugtxt: autoDraw = True
55.4902 	DATA 	Keypress: left
57.1326 	ERROR 	If you setColor with a numeric color value then you need to specify a color space, e.g. setColor([1,1,-1],'rgb'), unless you used a numeric value previously in which case PsychoPy will reuse that color space.)
57.1426 	EXP 	trial_fixation: autoDraw = False
57.1426 	EXP 	trial_leftShape: autoDraw = False
57.1426 	EXP 	trial_rightShape: autoDraw = False
57.1426 	EXP 	trial_debugtxt: autoDraw = False
57.1426 	EXP 	feedback_leftShape: fillColor = 'green (named)'
57.1426 	EXP 	feedback_leftShape: lineColor = '[ 0.  0.  0.] (rgb)'
57.1426 	EXP 	feedback_rightShape: fillColor = 'green (named)'
57.1426 	EXP 	feedback_rightShape: lineColor = '[ 0.  0.  0.] (rgb)'
57.1426 	EXP 	feedback_leftShape: autoDraw = True
57.1426 	EXP 	feedback_rightShape: autoDraw = True
57.3282 	DATA 	Keypress: right
58.1301 	EXP 	New trial (rep=11, index=0): None
58.1317 	EXP 	window1: recordFrameIntervals = False
58.1444 	EXP 	feedback_leftShape: autoDraw = False
58.1444 	EXP 	feedback_rightShape: autoDraw = False
58.1444 	EXP 	feedback_leftShape: autoDraw = False
58.1444 	EXP 	feedback_rightShape: autoDraw = False
58.1444 	EXP 	trial_leftShape: fillColor = '[ 0.  0.  0.] (rgb)'
58.1444 	EXP 	trial_rightShape: fillColor = '[ 0.  0.  0.] (rgb)'
58.1446 	EXP 	window1: recordFrameIntervals = False
59.1299 	EXP 	trial_fixation: autoDraw = True
59.1299 	EXP 	trial_leftShape: autoDraw = True
59.1299 	EXP 	trial_rightShape: autoDraw = True
59.1299 	EXP 	trial_debugtxt: autoDraw = True
59.1823 	DATA 	Keypress: right
61.1274 	ERROR 	If you setColor with a numeric color value then you need to specify a color space, e.g. setColor([1,1,-1],'rgb'), unless you used a numeric value previously in which case PsychoPy will reuse that color space.)
61.1344 	EXP 	trial_fixation: autoDraw = False
61.1344 	EXP 	trial_leftShape: autoDraw = False
61.1344 	EXP 	trial_rightShape: autoDraw = False
61.1344 	EXP 	trial_debugtxt: autoDraw = False
61.1344 	EXP 	feedback_leftShape: fillColor = 'red (named)'
61.1344 	EXP 	feedback_leftShape: lineColor = '[ 0.  0.  0.] (rgb)'
61.1344 	EXP 	feedback_rightShape: fillColor = 'green (named)'
61.1344 	EXP 	feedback_rightShape: lineColor = '[ 0.  1.  0.] (rgb)'
61.1344 	EXP 	feedback_leftShape: autoDraw = True
61.1344 	EXP 	feedback_rightShape: autoDraw = True
62.1217 	EXP 	New trial (rep=12, index=0): None
62.1232 	EXP 	window1: recordFrameIntervals = False
62.1363 	EXP 	feedback_leftShape: autoDraw = False
62.1363 	EXP 	feedback_rightShape: autoDraw = False
62.1363 	EXP 	feedback_leftShape: autoDraw = False
62.1363 	EXP 	feedback_rightShape: autoDraw = False
62.1363 	EXP 	trial_leftShape: fillColor = '[ 0.  0.  0.] (rgb)'
62.1363 	EXP 	trial_rightShape: fillColor = '[ 0.  0.  0.] (rgb)'
62.1365 	EXP 	window1: recordFrameIntervals = False
63.6564 	EXP 	trial_fixation: autoDraw = True
63.6564 	EXP 	trial_leftShape: autoDraw = True
63.6564 	EXP 	trial_rightShape: autoDraw = True
63.6564 	EXP 	trial_debugtxt: autoDraw = True
63.9257 	DATA 	Keypress: left
66.6356 	ERROR 	If you setColor with a numeric color value then you need to specify a color space, e.g. setColor([1,1,-1],'rgb'), unless you used a numeric value previously in which case PsychoPy will reuse that color space.)
66.6461 	EXP 	trial_fixation: autoDraw = False
66.6461 	EXP 	trial_leftShape: autoDraw = False
66.6461 	EXP 	trial_rightShape: autoDraw = False
66.6461 	EXP 	trial_debugtxt: autoDraw = False
66.6461 	EXP 	feedback_leftShape: fillColor = 'red (named)'
66.6461 	EXP 	feedback_leftShape: lineColor = '[ 0.  0.  0.] (rgb)'
66.6461 	EXP 	feedback_rightShape: fillColor = 'red (named)'
66.6461 	EXP 	feedback_rightShape: lineColor = '[ 0.  0.  0.] (rgb)'
66.6461 	EXP 	feedback_leftShape: autoDraw = True
66.6461 	EXP 	feedback_rightShape: autoDraw = True
67.6340 	EXP 	New trial (rep=13, index=0): None
67.6355 	EXP 	window1: recordFrameIntervals = False
67.6482 	EXP 	feedback_leftShape: autoDraw = False
67.6482 	EXP 	feedback_rightShape: autoDraw = False
67.6482 	EXP 	feedback_leftShape: autoDraw = False
67.6482 	EXP 	feedback_rightShape: autoDraw = False
67.6482 	EXP 	trial_leftShape: fillColor = '[ 0.  0.  0.] (rgb)'
67.6482 	EXP 	trial_rightShape: fillColor = '[ 0.  0.  0.] (rgb)'
67.6485 	EXP 	window1: recordFrameIntervals = False
69.0675 	EXP 	trial_fixation: autoDraw = True
69.0675 	EXP 	trial_leftShape: autoDraw = True
69.0675 	EXP 	trial_rightShape: autoDraw = True
69.0675 	EXP 	trial_debugtxt: autoDraw = True
72.0471 	ERROR 	If you setColor with a numeric color value then you need to specify a color space, e.g. setColor([1,1,-1],'rgb'), unless you used a numeric value previously in which case PsychoPy will reuse that color space.)
72.0576 	EXP 	trial_fixation: autoDraw = False
72.0576 	EXP 	trial_leftShape: autoDraw = False
72.0576 	EXP 	trial_rightShape: autoDraw = False
72.0576 	EXP 	trial_debugtxt: autoDraw = False
72.0576 	EXP 	feedback_leftShape: fillColor = 'red (named)'
72.0576 	EXP 	feedback_leftShape: lineColor = '[ 0.  0.  0.] (rgb)'
72.0576 	EXP 	feedback_rightShape: fillColor = 'red (named)'
72.0576 	EXP 	feedback_rightShape: lineColor = '[ 0.  0.  0.] (rgb)'
72.0576 	EXP 	feedback_leftShape: autoDraw = True
72.0576 	EXP 	feedback_rightShape: autoDraw = True
73.0454 	EXP 	New trial (rep=14, index=0): None
73.0469 	EXP 	window1: recordFrameIntervals = False
73.0599 	EXP 	feedback_leftShape: autoDraw = False
73.0599 	EXP 	feedback_rightShape: autoDraw = False
73.0599 	EXP 	feedback_leftShape: autoDraw = False
73.0599 	EXP 	feedback_rightShape: autoDraw = False
73.0599 	EXP 	trial_leftShape: fillColor = '[ 0.  0.  0.] (rgb)'
73.0599 	EXP 	trial_rightShape: fillColor = '[ 0.  0.  0.] (rgb)'
73.0601 	EXP 	window1: recordFrameIntervals = False
73.9785 	EXP 	trial_fixation: autoDraw = True
73.9785 	EXP 	trial_leftShape: autoDraw = True
73.9785 	EXP 	trial_rightShape: autoDraw = True
73.9785 	EXP 	trial_debugtxt: autoDraw = True
74.3137 	DATA 	Keypress: left
75.7497 	DATA 	Keypress: right
76.9577 	ERROR 	If you setColor with a numeric color value then you need to specify a color space, e.g. setColor([1,1,-1],'rgb'), unless you used a numeric value previously in which case PsychoPy will reuse that color space.)
76.9682 	EXP 	trial_fixation: autoDraw = False
76.9682 	EXP 	trial_leftShape: autoDraw = False
76.9682 	EXP 	trial_rightShape: autoDraw = False
76.9682 	EXP 	trial_debugtxt: autoDraw = False
76.9682 	EXP 	feedback_leftShape: fillColor = 'red (named)'
76.9682 	EXP 	feedback_leftShape: lineColor = '[ 0.  0.  0.] (rgb)'
76.9682 	EXP 	feedback_rightShape: fillColor = 'green (named)'
76.9682 	EXP 	feedback_rightShape: lineColor = '[ 0.  1.  0.] (rgb)'
76.9682 	EXP 	feedback_leftShape: autoDraw = True
76.9682 	EXP 	feedback_rightShape: autoDraw = True
77.9555 	EXP 	New trial (rep=15, index=0): None
77.9571 	EXP 	window1: recordFrameIntervals = False
77.9701 	EXP 	feedback_leftShape: autoDraw = False
77.9701 	EXP 	feedback_rightShape: autoDraw = False
77.9701 	EXP 	feedback_leftShape: autoDraw = False
77.9701 	EXP 	feedback_rightShape: autoDraw = False
77.9701 	EXP 	trial_leftShape: fillColor = '[ 0.  0.  0.] (rgb)'
77.9701 	EXP 	trial_rightShape: fillColor = '[ 0.  0.  0.] (rgb)'
77.9703 	EXP 	window1: recordFrameIntervals = False
78.6217 	EXP 	trial_fixation: autoDraw = True
78.6217 	EXP 	trial_leftShape: autoDraw = True
78.6217 	EXP 	trial_rightShape: autoDraw = True
78.6217 	EXP 	trial_debugtxt: autoDraw = True
78.9457 	DATA 	Keypress: left
80.8048 	DATA 	Keypress: right
81.6009 	ERROR 	If you setColor with a numeric color value then you need to specify a color space, e.g. setColor([1,1,-1],'rgb'), unless you used a numeric value previously in which case PsychoPy will reuse that color space.)
81.6114 	EXP 	trial_fixation: autoDraw = False
81.6114 	EXP 	trial_leftShape: autoDraw = False
81.6114 	EXP 	trial_rightShape: autoDraw = False
81.6114 	EXP 	trial_debugtxt: autoDraw = False
81.6114 	EXP 	feedback_leftShape: fillColor = 'red (named)'
81.6114 	EXP 	feedback_leftShape: lineColor = '[ 0.  0.  0.] (rgb)'
81.6114 	EXP 	feedback_rightShape: fillColor = 'green (named)'
81.6114 	EXP 	feedback_rightShape: lineColor = '[ 0.  1.  0.] (rgb)'
81.6114 	EXP 	feedback_leftShape: autoDraw = True
81.6114 	EXP 	feedback_rightShape: autoDraw = True
82.5986 	EXP 	New trial (rep=16, index=0): None
82.6002 	EXP 	window1: recordFrameIntervals = False
82.6133 	EXP 	feedback_leftShape: autoDraw = False
82.6133 	EXP 	feedback_rightShape: autoDraw = False
82.6133 	EXP 	feedback_leftShape: autoDraw = False
82.6133 	EXP 	feedback_rightShape: autoDraw = False
82.6133 	EXP 	trial_leftShape: fillColor = '[ 0.  0.  0.] (rgb)'
82.6133 	EXP 	trial_rightShape: fillColor = '[ 0.  0.  0.] (rgb)'
82.6136 	EXP 	window1: recordFrameIntervals = False
83.9330 	EXP 	trial_fixation: autoDraw = True
83.9330 	EXP 	trial_leftShape: autoDraw = True
83.9330 	EXP 	trial_rightShape: autoDraw = True
83.9330 	EXP 	trial_debugtxt: autoDraw = True
84.2358 	DATA 	Keypress: left
86.0985 	DATA 	Keypress: right
86.9334 	ERROR 	If you setColor with a numeric color value then you need to specify a color space, e.g. setColor([1,1,-1],'rgb'), unless you used a numeric value previously in which case PsychoPy will reuse that color space.)
86.9394 	EXP 	trial_fixation: autoDraw = False
86.9394 	EXP 	trial_leftShape: autoDraw = False
86.9394 	EXP 	trial_rightShape: autoDraw = False
86.9394 	EXP 	trial_debugtxt: autoDraw = False
86.9394 	EXP 	feedback_leftShape: fillColor = 'red (named)'
86.9394 	EXP 	feedback_leftShape: lineColor = '[ 0.  0.  0.] (rgb)'
86.9394 	EXP 	feedback_rightShape: fillColor = 'green (named)'
86.9394 	EXP 	feedback_rightShape: lineColor = '[ 0.  1.  0.] (rgb)'
86.9394 	EXP 	feedback_leftShape: autoDraw = True
86.9394 	EXP 	feedback_rightShape: autoDraw = True
87.9272 	EXP 	New trial (rep=17, index=0): None
87.9287 	EXP 	window1: recordFrameIntervals = False
87.9416 	EXP 	feedback_leftShape: autoDraw = False
87.9416 	EXP 	feedback_rightShape: autoDraw = False
87.9416 	EXP 	feedback_leftShape: autoDraw = False
87.9416 	EXP 	feedback_rightShape: autoDraw = False
87.9416 	EXP 	trial_leftShape: fillColor = '[ 0.  0.  0.] (rgb)'
87.9416 	EXP 	trial_rightShape: fillColor = '[ 0.  0.  0.] (rgb)'
87.9419 	EXP 	window1: recordFrameIntervals = False
88.7266 	EXP 	trial_fixation: autoDraw = True
88.7266 	EXP 	trial_leftShape: autoDraw = True
88.7266 	EXP 	trial_rightShape: autoDraw = True
88.7266 	EXP 	trial_debugtxt: autoDraw = True
89.1630 	DATA 	Keypress: left
91.3721 	DATA 	Keypress: right
91.7269 	ERROR 	If you setColor with a numeric color value then you need to specify a color space, e.g. setColor([1,1,-1],'rgb'), unless you used a numeric value previously in which case PsychoPy will reuse that color space.)
91.7330 	EXP 	trial_fixation: autoDraw = False
91.7330 	EXP 	trial_leftShape: autoDraw = False
91.7330 	EXP 	trial_rightShape: autoDraw = False
91.7330 	EXP 	trial_debugtxt: autoDraw = False
91.7330 	EXP 	feedback_leftShape: fillColor = 'red (named)'
91.7330 	EXP 	feedback_leftShape: lineColor = '[ 0.  0.  0.] (rgb)'
91.7330 	EXP 	feedback_rightShape: fillColor = 'green (named)'
91.7330 	EXP 	feedback_rightShape: lineColor = '[ 0.  1.  0.] (rgb)'
91.7330 	EXP 	feedback_leftShape: autoDraw = True
91.7330 	EXP 	feedback_rightShape: autoDraw = True
92.7204 	EXP 	New trial (rep=18, index=0): None
92.7218 	EXP 	window1: recordFrameIntervals = False
92.7352 	EXP 	feedback_leftShape: autoDraw = False
92.7352 	EXP 	feedback_rightShape: autoDraw = False
92.7352 	EXP 	feedback_leftShape: autoDraw = False
92.7352 	EXP 	feedback_rightShape: autoDraw = False
92.7352 	EXP 	trial_leftShape: fillColor = '[ 0.  0.  0.] (rgb)'
92.7352 	EXP 	trial_rightShape: fillColor = '[ 0.  0.  0.] (rgb)'
92.7355 	EXP 	window1: recordFrameIntervals = False
93.5033 	EXP 	trial_fixation: autoDraw = True
93.5033 	EXP 	trial_leftShape: autoDraw = True
93.5033 	EXP 	trial_rightShape: autoDraw = True
93.5033 	EXP 	trial_debugtxt: autoDraw = True
93.8342 	DATA 	Keypress: left
95.4853 	ERROR 	If you setColor with a numeric color value then you need to specify a color space, e.g. setColor([1,1,-1],'rgb'), unless you used a numeric value previously in which case PsychoPy will reuse that color space.)
95.4909 	EXP 	trial_fixation: autoDraw = False
95.4909 	EXP 	trial_leftShape: autoDraw = False
95.4909 	EXP 	trial_rightShape: autoDraw = False
95.4909 	EXP 	trial_debugtxt: autoDraw = False
95.4909 	EXP 	feedback_leftShape: fillColor = 'green (named)'
95.4909 	EXP 	feedback_leftShape: lineColor = '[ 0.  0.  0.] (rgb)'
95.4909 	EXP 	feedback_rightShape: fillColor = 'green (named)'
95.4909 	EXP 	feedback_rightShape: lineColor = '[ 0.  0.  0.] (rgb)'
95.4909 	EXP 	feedback_leftShape: autoDraw = True
95.4909 	EXP 	feedback_rightShape: autoDraw = True
96.4788 	EXP 	New trial (rep=19, index=0): None
96.4802 	EXP 	window1: recordFrameIntervals = False
96.4931 	EXP 	feedback_leftShape: autoDraw = False
96.4931 	EXP 	feedback_rightShape: autoDraw = False
96.4931 	EXP 	feedback_leftShape: autoDraw = False
96.4931 	EXP 	feedback_rightShape: autoDraw = False
96.4931 	EXP 	trial_leftShape: fillColor = '[ 0.  0.  0.] (rgb)'
96.4931 	EXP 	trial_rightShape: fillColor = '[ 0.  0.  0.] (rgb)'
96.4934 	EXP 	window1: recordFrameIntervals = False
97.3616 	EXP 	trial_fixation: autoDraw = True
97.3616 	EXP 	trial_leftShape: autoDraw = True
97.3616 	EXP 	trial_rightShape: autoDraw = True
97.3616 	EXP 	trial_debugtxt: autoDraw = True
97.6876 	DATA 	Keypress: left
99.3268 	ERROR 	If you setColor with a numeric color value then you need to specify a color space, e.g. setColor([1,1,-1],'rgb'), unless you used a numeric value previously in which case PsychoPy will reuse that color space.)
99.3325 	EXP 	trial_fixation: autoDraw = False
99.3325 	EXP 	trial_leftShape: autoDraw = False
99.3325 	EXP 	trial_rightShape: autoDraw = False
99.3325 	EXP 	trial_debugtxt: autoDraw = False
99.3325 	EXP 	feedback_leftShape: fillColor = 'green (named)'
99.3325 	EXP 	feedback_leftShape: lineColor = '[ 0.  0.  0.] (rgb)'
99.3325 	EXP 	feedback_rightShape: fillColor = 'green (named)'
99.3325 	EXP 	feedback_rightShape: lineColor = '[ 0.  0.  0.] (rgb)'
99.3325 	EXP 	feedback_leftShape: autoDraw = True
99.3325 	EXP 	feedback_rightShape: autoDraw = True
100.3202 	EXP 	New trial (rep=20, index=0): None
100.3217 	EXP 	window1: recordFrameIntervals = False
100.3344 	EXP 	feedback_leftShape: autoDraw = False
100.3344 	EXP 	feedback_rightShape: autoDraw = False
100.3344 	EXP 	feedback_leftShape: autoDraw = False
100.3344 	EXP 	feedback_rightShape: autoDraw = False
100.3344 	EXP 	trial_leftShape: fillColor = '[ 0.  0.  0.] (rgb)'
100.3344 	EXP 	trial_rightShape: fillColor = '[ 0.  0.  0.] (rgb)'
100.3346 	EXP 	window1: recordFrameIntervals = False
101.0028 	EXP 	trial_fixation: autoDraw = True
101.0028 	EXP 	trial_leftShape: autoDraw = True
101.0028 	EXP 	trial_rightShape: autoDraw = True
101.0028 	EXP 	trial_debugtxt: autoDraw = True
101.3560 	DATA 	Keypress: left
102.9801 	ERROR 	If you setColor with a numeric color value then you need to specify a color space, e.g. setColor([1,1,-1],'rgb'), unless you used a numeric value previously in which case PsychoPy will reuse that color space.)
102.9903 	EXP 	trial_fixation: autoDraw = False
102.9903 	EXP 	trial_leftShape: autoDraw = False
102.9903 	EXP 	trial_rightShape: autoDraw = False
102.9903 	EXP 	trial_debugtxt: autoDraw = False
102.9903 	EXP 	feedback_leftShape: fillColor = 'green (named)'
102.9903 	EXP 	feedback_leftShape: lineColor = '[ 0.  0.  0.] (rgb)'
102.9903 	EXP 	feedback_rightShape: fillColor = 'green (named)'
102.9903 	EXP 	feedback_rightShape: lineColor = '[ 0.  0.  0.] (rgb)'
102.9903 	EXP 	feedback_leftShape: autoDraw = True
102.9903 	EXP 	feedback_rightShape: autoDraw = True
103.9780 	EXP 	New trial (rep=21, index=0): None
103.9795 	EXP 	window1: recordFrameIntervals = False
103.9925 	EXP 	feedback_leftShape: autoDraw = False
103.9925 	EXP 	feedback_rightShape: autoDraw = False
103.9925 	EXP 	feedback_leftShape: autoDraw = False
103.9925 	EXP 	feedback_rightShape: autoDraw = False
103.9925 	EXP 	trial_leftShape: fillColor = '[ 0.  0.  0.] (rgb)'
103.9925 	EXP 	trial_rightShape: fillColor = '[ 0.  0.  0.] (rgb)'
103.9928 	EXP 	window1: recordFrameIntervals = False
105.0113 	EXP 	trial_fixation: autoDraw = True
105.0113 	EXP 	trial_leftShape: autoDraw = True
105.0113 	EXP 	trial_rightShape: autoDraw = True
105.0113 	EXP 	trial_debugtxt: autoDraw = True
105.2809 	DATA 	Keypress: left
107.0346 	DATA 	Keypress: right
107.9906 	ERROR 	If you setColor with a numeric color value then you need to specify a color space, e.g. setColor([1,1,-1],'rgb'), unless you used a numeric value previously in which case PsychoPy will reuse that color space.)
108.0010 	EXP 	trial_fixation: autoDraw = False
108.0010 	EXP 	trial_leftShape: autoDraw = False
108.0010 	EXP 	trial_rightShape: autoDraw = False
108.0010 	EXP 	trial_debugtxt: autoDraw = False
108.0010 	EXP 	feedback_leftShape: fillColor = 'green (named)'
108.0010 	EXP 	feedback_leftShape: lineColor = '[ 0.  0.  0.] (rgb)'
108.0010 	EXP 	feedback_rightShape: fillColor = 'green (named)'
108.0010 	EXP 	feedback_rightShape: lineColor = '[ 0.  1.  0.] (rgb)'
108.0010 	EXP 	feedback_leftShape: autoDraw = True
108.0010 	EXP 	feedback_rightShape: autoDraw = True
108.9887 	EXP 	New trial (rep=22, index=0): None
108.9902 	EXP 	window1: recordFrameIntervals = False
109.0029 	EXP 	feedback_leftShape: autoDraw = False
109.0029 	EXP 	feedback_rightShape: autoDraw = False
109.0029 	EXP 	feedback_leftShape: autoDraw = False
109.0029 	EXP 	feedback_rightShape: autoDraw = False
109.0029 	EXP 	trial_leftShape: fillColor = '[ 0.  0.  0.] (rgb)'
109.0029 	EXP 	trial_rightShape: fillColor = '[ 0.  0.  0.] (rgb)'
109.0030 	EXP 	window1: recordFrameIntervals = False
110.0554 	EXP 	trial_fixation: autoDraw = True
110.0554 	EXP 	trial_leftShape: autoDraw = True
110.0554 	EXP 	trial_rightShape: autoDraw = True
110.0554 	EXP 	trial_debugtxt: autoDraw = True
110.3670 	DATA 	Keypress: left
112.5726 	DATA 	Keypress: right
113.0380 	ERROR 	If you setColor with a numeric color value then you need to specify a color space, e.g. setColor([1,1,-1],'rgb'), unless you used a numeric value previously in which case PsychoPy will reuse that color space.)
113.0451 	EXP 	trial_fixation: autoDraw = False
113.0451 	EXP 	trial_leftShape: autoDraw = False
113.0451 	EXP 	trial_rightShape: autoDraw = False
113.0451 	EXP 	trial_debugtxt: autoDraw = False
113.0451 	EXP 	feedback_leftShape: fillColor = 'green (named)'
113.0451 	EXP 	feedback_leftShape: lineColor = '[ 0.  0.  0.] (rgb)'
113.0451 	EXP 	feedback_rightShape: fillColor = 'green (named)'
113.0451 	EXP 	feedback_rightShape: lineColor = '[ 0.  1.  0.] (rgb)'
113.0451 	EXP 	feedback_leftShape: autoDraw = True
113.0451 	EXP 	feedback_rightShape: autoDraw = True
114.0314 	EXP 	New trial (rep=23, index=0): None
114.0325 	EXP 	window1: recordFrameIntervals = False
114.0466 	EXP 	feedback_leftShape: autoDraw = False
114.0466 	EXP 	feedback_rightShape: autoDraw = False
114.0466 	EXP 	feedback_leftShape: autoDraw = False
114.0466 	EXP 	feedback_rightShape: autoDraw = False
114.0466 	EXP 	trial_leftShape: fillColor = '[ 0.  0.  0.] (rgb)'
114.0466 	EXP 	trial_rightShape: fillColor = '[ 0.  0.  0.] (rgb)'
114.0467 	EXP 	window1: recordFrameIntervals = False
114.9825 	EXP 	trial_fixation: autoDraw = True
114.9825 	EXP 	trial_leftShape: autoDraw = True
114.9825 	EXP 	trial_rightShape: autoDraw = True
114.9825 	EXP 	trial_debugtxt: autoDraw = True
115.2777 	DATA 	Keypress: left
117.2552 	DATA 	Keypress: right
117.9654 	ERROR 	If you setColor with a numeric color value then you need to specify a color space, e.g. setColor([1,1,-1],'rgb'), unless you used a numeric value previously in which case PsychoPy will reuse that color space.)
117.9721 	EXP 	trial_fixation: autoDraw = False
117.9721 	EXP 	trial_leftShape: autoDraw = False
117.9721 	EXP 	trial_rightShape: autoDraw = False
117.9721 	EXP 	trial_debugtxt: autoDraw = False
117.9721 	EXP 	feedback_leftShape: fillColor = 'green (named)'
117.9721 	EXP 	feedback_leftShape: lineColor = '[ 0.  0.  0.] (rgb)'
117.9721 	EXP 	feedback_rightShape: fillColor = 'green (named)'
117.9721 	EXP 	feedback_rightShape: lineColor = '[ 0.  1.  0.] (rgb)'
117.9721 	EXP 	feedback_leftShape: autoDraw = True
117.9721 	EXP 	feedback_rightShape: autoDraw = True
118.9599 	EXP 	New trial (rep=24, index=0): None
118.9613 	EXP 	window1: recordFrameIntervals = False
118.9744 	EXP 	feedback_leftShape: autoDraw = False
118.9744 	EXP 	feedback_rightShape: autoDraw = False
118.9744 	EXP 	feedback_leftShape: autoDraw = False
118.9744 	EXP 	feedback_rightShape: autoDraw = False
118.9744 	EXP 	trial_leftShape: fillColor = '[ 0.  0.  0.] (rgb)'
118.9744 	EXP 	trial_rightShape: fillColor = '[ 0.  0.  0.] (rgb)'
118.9747 	EXP 	window1: recordFrameIntervals = False
120.4108 	EXP 	trial_fixation: autoDraw = True
120.4108 	EXP 	trial_leftShape: autoDraw = True
120.4108 	EXP 	trial_rightShape: autoDraw = True
120.4108 	EXP 	trial_debugtxt: autoDraw = True
120.6956 	DATA 	Keypress: left
122.4830 	DATA 	Keypress: right
123.3944 	ERROR 	If you setColor with a numeric color value then you need to specify a color space, e.g. setColor([1,1,-1],'rgb'), unless you used a numeric value previously in which case PsychoPy will reuse that color space.)
123.4005 	EXP 	trial_fixation: autoDraw = False
123.4005 	EXP 	trial_leftShape: autoDraw = False
123.4005 	EXP 	trial_rightShape: autoDraw = False
123.4005 	EXP 	trial_debugtxt: autoDraw = False
123.4005 	EXP 	feedback_leftShape: fillColor = 'green (named)'
123.4005 	EXP 	feedback_leftShape: lineColor = '[ 0.  0.  0.] (rgb)'
123.4005 	EXP 	feedback_rightShape: fillColor = 'green (named)'
123.4005 	EXP 	feedback_rightShape: lineColor = '[ 0.  1.  0.] (rgb)'
123.4005 	EXP 	feedback_leftShape: autoDraw = True
123.4005 	EXP 	feedback_rightShape: autoDraw = True
124.3882 	EXP 	New trial (rep=25, index=0): None
124.3897 	EXP 	window1: recordFrameIntervals = False
124.4026 	EXP 	feedback_leftShape: autoDraw = False
124.4026 	EXP 	feedback_rightShape: autoDraw = False
124.4026 	EXP 	feedback_leftShape: autoDraw = False
124.4026 	EXP 	feedback_rightShape: autoDraw = False
124.4026 	EXP 	trial_leftShape: fillColor = '[ 0.  0.  0.] (rgb)'
124.4026 	EXP 	trial_rightShape: fillColor = '[ 0.  0.  0.] (rgb)'
124.4028 	EXP 	window1: recordFrameIntervals = False
125.1375 	EXP 	trial_fixation: autoDraw = True
125.1375 	EXP 	trial_leftShape: autoDraw = True
125.1375 	EXP 	trial_rightShape: autoDraw = True
125.1375 	EXP 	trial_debugtxt: autoDraw = True
125.3991 	DATA 	Keypress: left
127.1148 	ERROR 	If you setColor with a numeric color value then you need to specify a color space, e.g. setColor([1,1,-1],'rgb'), unless you used a numeric value previously in which case PsychoPy will reuse that color space.)
127.1251 	EXP 	trial_fixation: autoDraw = False
127.1251 	EXP 	trial_leftShape: autoDraw = False
127.1251 	EXP 	trial_rightShape: autoDraw = False
127.1251 	EXP 	trial_debugtxt: autoDraw = False
127.1251 	EXP 	feedback_leftShape: fillColor = 'green (named)'
127.1251 	EXP 	feedback_leftShape: lineColor = '[ 0.  0.  0.] (rgb)'
127.1251 	EXP 	feedback_rightShape: fillColor = 'green (named)'
127.1251 	EXP 	feedback_rightShape: lineColor = '[ 0.  0.  0.] (rgb)'
127.1251 	EXP 	feedback_leftShape: autoDraw = True
127.1251 	EXP 	feedback_rightShape: autoDraw = True
128.1124 	EXP 	New trial (rep=26, index=0): None
128.1140 	EXP 	window1: recordFrameIntervals = False
128.1269 	EXP 	feedback_leftShape: autoDraw = False
128.1269 	EXP 	feedback_rightShape: autoDraw = False
128.1269 	EXP 	feedback_leftShape: autoDraw = False
128.1269 	EXP 	feedback_rightShape: autoDraw = False
128.1269 	EXP 	trial_leftShape: fillColor = '[ 0.  0.  0.] (rgb)'
128.1269 	EXP 	trial_rightShape: fillColor = '[ 0.  0.  0.] (rgb)'
128.1272 	EXP 	window1: recordFrameIntervals = False
128.6617 	EXP 	trial_fixation: autoDraw = True
128.6617 	EXP 	trial_leftShape: autoDraw = True
128.6617 	EXP 	trial_rightShape: autoDraw = True
128.6617 	EXP 	trial_debugtxt: autoDraw = True
129.0087 	DATA 	Keypress: left
130.8006 	DATA 	Keypress: right
131.6416 	ERROR 	If you setColor with a numeric color value then you need to specify a color space, e.g. setColor([1,1,-1],'rgb'), unless you used a numeric value previously in which case PsychoPy will reuse that color space.)
131.6514 	EXP 	trial_fixation: autoDraw = False
131.6514 	EXP 	trial_leftShape: autoDraw = False
131.6514 	EXP 	trial_rightShape: autoDraw = False
131.6514 	EXP 	trial_debugtxt: autoDraw = False
131.6514 	EXP 	feedback_leftShape: fillColor = 'green (named)'
131.6514 	EXP 	feedback_leftShape: lineColor = '[ 0.  0.  0.] (rgb)'
131.6514 	EXP 	feedback_rightShape: fillColor = 'green (named)'
131.6514 	EXP 	feedback_rightShape: lineColor = '[ 0.  1.  0.] (rgb)'
131.6514 	EXP 	feedback_leftShape: autoDraw = True
131.6514 	EXP 	feedback_rightShape: autoDraw = True
132.6392 	EXP 	New trial (rep=27, index=0): None
132.6407 	EXP 	window1: recordFrameIntervals = False
132.6535 	EXP 	feedback_leftShape: autoDraw = False
132.6535 	EXP 	feedback_rightShape: autoDraw = False
132.6535 	EXP 	feedback_leftShape: autoDraw = False
132.6535 	EXP 	feedback_rightShape: autoDraw = False
132.6535 	EXP 	trial_leftShape: fillColor = '[ 0.  0.  0.] (rgb)'
132.6535 	EXP 	trial_rightShape: fillColor = '[ 0.  0.  0.] (rgb)'
132.6538 	EXP 	window1: recordFrameIntervals = False
133.1880 	EXP 	trial_fixation: autoDraw = True
133.1880 	EXP 	trial_leftShape: autoDraw = True
133.1880 	EXP 	trial_rightShape: autoDraw = True
133.1880 	EXP 	trial_debugtxt: autoDraw = True
133.4908 	DATA 	Keypress: left
135.5621 	DATA 	Keypress: right
136.1716 	ERROR 	If you setColor with a numeric color value then you need to specify a color space, e.g. setColor([1,1,-1],'rgb'), unless you used a numeric value previously in which case PsychoPy will reuse that color space.)
136.1777 	EXP 	trial_fixation: autoDraw = False
136.1777 	EXP 	trial_leftShape: autoDraw = False
136.1777 	EXP 	trial_rightShape: autoDraw = False
136.1777 	EXP 	trial_debugtxt: autoDraw = False
136.1777 	EXP 	feedback_leftShape: fillColor = 'green (named)'
136.1777 	EXP 	feedback_leftShape: lineColor = '[ 0.  0.  0.] (rgb)'
136.1777 	EXP 	feedback_rightShape: fillColor = 'green (named)'
136.1777 	EXP 	feedback_rightShape: lineColor = '[ 0.  1.  0.] (rgb)'
136.1777 	EXP 	feedback_leftShape: autoDraw = True
136.1777 	EXP 	feedback_rightShape: autoDraw = True
137.1654 	EXP 	New trial (rep=28, index=0): None
137.1670 	EXP 	window1: recordFrameIntervals = False
137.1799 	EXP 	feedback_leftShape: autoDraw = False
137.1799 	EXP 	feedback_rightShape: autoDraw = False
137.1799 	EXP 	feedback_leftShape: autoDraw = False
137.1799 	EXP 	feedback_rightShape: autoDraw = False
137.1799 	EXP 	trial_leftShape: fillColor = '[ 0.  0.  0.] (rgb)'
137.1799 	EXP 	trial_rightShape: fillColor = '[ 0.  0.  0.] (rgb)'
137.1802 	EXP 	window1: recordFrameIntervals = False
138.0983 	EXP 	trial_fixation: autoDraw = True
138.0983 	EXP 	trial_leftShape: autoDraw = True
138.0983 	EXP 	trial_rightShape: autoDraw = True
138.0983 	EXP 	trial_debugtxt: autoDraw = True
138.3606 	DATA 	Keypress: left
140.2720 	DATA 	Keypress: right
141.0615 	ERROR 	If you setColor with a numeric color value then you need to specify a color space, e.g. setColor([1,1,-1],'rgb'), unless you used a numeric value previously in which case PsychoPy will reuse that color space.)
141.0715 	EXP 	trial_fixation: autoDraw = False
141.0715 	EXP 	trial_leftShape: autoDraw = False
141.0715 	EXP 	trial_rightShape: autoDraw = False
141.0715 	EXP 	trial_debugtxt: autoDraw = False
141.0715 	EXP 	feedback_leftShape: fillColor = 'green (named)'
141.0715 	EXP 	feedback_leftShape: lineColor = '[ 0.  0.  0.] (rgb)'
141.0715 	EXP 	feedback_rightShape: fillColor = 'green (named)'
141.0715 	EXP 	feedback_rightShape: lineColor = '[ 0.  1.  0.] (rgb)'
141.0715 	EXP 	feedback_leftShape: autoDraw = True
141.0715 	EXP 	feedback_rightShape: autoDraw = True
142.0588 	EXP 	New trial (rep=29, index=0): None
142.0603 	EXP 	window1: recordFrameIntervals = False
142.0736 	EXP 	feedback_leftShape: autoDraw = False
142.0736 	EXP 	feedback_rightShape: autoDraw = False
142.0736 	EXP 	feedback_leftShape: autoDraw = False
142.0736 	EXP 	feedback_rightShape: autoDraw = False
142.0736 	EXP 	trial_leftShape: fillColor = '[ 0.  0.  0.] (rgb)'
142.0736 	EXP 	trial_rightShape: fillColor = '[ 0.  0.  0.] (rgb)'
142.0738 	EXP 	window1: recordFrameIntervals = False
143.0758 	EXP 	trial_fixation: autoDraw = True
143.0758 	EXP 	trial_leftShape: autoDraw = True
143.0758 	EXP 	trial_rightShape: autoDraw = True
143.0758 	EXP 	trial_debugtxt: autoDraw = True
143.2704 	DATA 	Keypress: left
145.0697 	ERROR 	If you setColor with a numeric color value then you need to specify a color space, e.g. setColor([1,1,-1],'rgb'), unless you used a numeric value previously in which case PsychoPy will reuse that color space.)
145.0800 	EXP 	trial_fixation: autoDraw = False
145.0800 	EXP 	trial_leftShape: autoDraw = False
145.0800 	EXP 	trial_rightShape: autoDraw = False
145.0800 	EXP 	trial_debugtxt: autoDraw = False
145.0800 	EXP 	feedback_leftShape: fillColor = 'green (named)'
145.0800 	EXP 	feedback_leftShape: lineColor = '[ 0.  0.  0.] (rgb)'
145.0800 	EXP 	feedback_rightShape: fillColor = 'green (named)'
145.0800 	EXP 	feedback_rightShape: lineColor = '[ 0.  0.  0.] (rgb)'
145.0800 	EXP 	feedback_leftShape: autoDraw = True
145.0800 	EXP 	feedback_rightShape: autoDraw = True
145.1845 	DATA 	Keypress: right
146.1281 	EXP 	window1: mouseVisible = True
