6.6539 	EXP 	Created window1 = Window(allowGUI=False, allowStencil=False, autoLog=True, bitsMode=UNKNOWN, blendMode='avg', color=array([ 0.,  0.,  0.]), colorSpace='rgb', fullscr=UNKNOWN, gamma=None, lms=UNKNOWN, monitor=<psychopy.monitors.calibTools.Monitor instance at 0x10f4405a8>, name='window1', pos=[0, 0], screen=0, size=array([1280,  800]), stereo=False, units=u'norm', useFBO=True, viewOri=0.0, viewPos=None, viewScale=None, waitBlanking=True, winType='pyglet')
6.6539 	EXP 	window1: recordFrameIntervals = False
6.8189 	EXP 	window1: recordFrameIntervals = True
7.0034 	EXP 	window1: recordFrameIntervals = False
7.0538 	EXP 	Created trial_fixation = TextStim(alignHoriz='center', alignVert='center', antialias=True, autoLog=True, bold=False, color='white', colorSpace='named', contrast=1.0, depth=-1.0, flipHoriz=False, flipVert=False, font='Arial', fontFiles=[], height=0.1, italic=False, name='trial_fixation', opacity=1.0, ori=0, pos=array([ 0.,  0.]), rgb=array([ 255.,  255.,  255.]), text=u'+', units=u'norm', win=Window(...), wrapWidth=1)
7.0578 	EXP 	<method-wrapper '__getattribute__' of attributeSetter object at 0x10a7d3590>: vertices = array([[-0.25,  0.25],
       [ 0.25,  0.25],
       [ 0.25, -0.25],
       [-0.25, -0.25]])
7.0612 	EXP 	Created trial_leftShape = Rect(autoDraw=False, autoLog=True, closeShape=True, contrast=1.0, depth=-3.0, fillColor=array([ 1.,  1.,  1.]), fillColorSpace='rgb', fillRGB=array([ 1.,  1.,  1.]), interpolate=True, lineColor=array([ 1.,  1.,  1.]), lineColorSpace='rgb', lineRGB=array([ 1.,  1.,  1.]), lineWidth=3, name='trial_leftShape', opacity=1.0, ori=array(0.0), pos=array([-0.5,  0. ]), size=array([ 1.,  1.]), units=u'norm', vertices=ndarray(...), win=Window(...))
7.0617 	EXP 	<method-wrapper '__getattribute__' of attributeSetter object at 0x10a7d3590>: vertices = array([[-0.25,  0.25],
       [ 0.25,  0.25],
       [ 0.25, -0.25],
       [-0.25, -0.25]])
7.0650 	EXP 	Created trial_rightShape = Rect(autoDraw=False, autoLog=True, closeShape=True, contrast=1.0, depth=-4.0, fillColor=array([ 1.,  1.,  1.]), fillColorSpace='rgb', fillRGB=array([ 1.,  1.,  1.]), interpolate=True, lineColor=array([ 1.,  1.,  1.]), lineColorSpace='rgb', lineRGB=array([ 1.,  1.,  1.]), lineWidth=3, name='trial_rightShape', opacity=1.0, ori=array(0.0), pos=array([ 0.5,  0. ]), size=array([ 1.,  1.]), units=u'norm', vertices=ndarray(...), win=Window(...))
7.0784 	EXP 	Created trial_debugtxt = TextStim(alignHoriz='center', alignVert='center', antialias=True, autoLog=True, bold=False, color='white', colorSpace='named', contrast=1.0, depth=-5.0, flipHoriz=False, flipVert=False, font='Arial', fontFiles=[], height=0.1, italic=False, name='trial_debugtxt', opacity=1.0, ori=0, pos=array([ 0.  ,  0.75]), rgb=array([ 255.,  255.,  255.]), text=u'default text', units=u'norm', win=Window(...), wrapWidth=1)
7.0795 	EXP 	<method-wrapper '__getattribute__' of attributeSetter object at 0x10a7d3590>: vertices = array([[-0.25,  0.25],
       [ 0.25,  0.25],
       [ 0.25, -0.25],
       [-0.25, -0.25]])
7.0847 	EXP 	Created feedback_leftShape = Rect(autoDraw=False, autoLog=True, closeShape=True, contrast=1.0, depth=-1.0, fillColor=array([ 1.,  1.,  1.]), fillColorSpace='rgb', fillRGB=array([ 1.,  1.,  1.]), interpolate=True, lineColor=array([ 1.,  1.,  1.]), lineColorSpace='rgb', lineRGB=array([ 1.,  1.,  1.]), lineWidth=3, name='feedback_leftShape', opacity=1.0, ori=array(0.0), pos=array([-0.5,  0. ]), size=array([ 1.,  1.]), units=u'norm', vertices=ndarray(...), win=Window(...))
7.0853 	EXP 	<method-wrapper '__getattribute__' of attributeSetter object at 0x10a7d3590>: vertices = array([[-0.25,  0.25],
       [ 0.25,  0.25],
       [ 0.25, -0.25],
       [-0.25, -0.25]])
7.0895 	EXP 	Created feedback_rightShape = Rect(autoDraw=False, autoLog=True, closeShape=True, contrast=1.0, depth=-2.0, fillColor=array([ 1.,  1.,  1.]), fillColorSpace='rgb', fillRGB=array([ 1.,  1.,  1.]), interpolate=True, lineColor=array([ 1.,  1.,  1.]), lineColorSpace='rgb', lineRGB=array([ 1.,  1.,  1.]), lineWidth=3, name='feedback_rightShape', opacity=1.0, ori=array(0.0), pos=array([ 0.5,  0. ]), size=array([ 1.,  1.]), units=u'norm', vertices=ndarray(...), win=Window(...))
7.0904 	EXP 	Created sequence: random, trialTypes=1, nReps=30, seed=None
7.0910 	EXP 	New trial (rep=0, index=0): None
7.0917 	EXP 	window1: recordFrameIntervals = False
7.1030 	EXP 	trial_leftShape: fillColor = '[ 0.  0.  0.] (rgb)'
7.1030 	EXP 	trial_rightShape: fillColor = '[ 0.  0.  0.] (rgb)'
7.1033 	EXP 	window1: recordFrameIntervals = False
7.8880 	EXP 	trial_fixation: autoDraw = True
7.8880 	EXP 	trial_leftShape: autoDraw = True
7.8880 	EXP 	trial_rightShape: autoDraw = True
7.8880 	EXP 	trial_debugtxt: autoDraw = True
8.6250 	DATA 	Keypress: left
9.8925 	EXP 	trial_fixation: autoDraw = False
9.8925 	EXP 	trial_leftShape: autoDraw = False
9.8925 	EXP 	trial_rightShape: autoDraw = False
9.8925 	EXP 	trial_debugtxt: autoDraw = False
9.8925 	EXP 	feedback_leftShape: fillColor = 'green (named)'
9.8925 	EXP 	feedback_leftShape: lineColor = '[ 0.  0.  0.] (rgb)'
9.8925 	EXP 	feedback_rightShape: fillColor = '[ 0.  0.  0.] (rgb)'
9.8925 	EXP 	feedback_rightShape: lineColor = '[ 0.  0.  0.] (rgb)'
9.8925 	EXP 	feedback_leftShape: autoDraw = True
9.8925 	EXP 	feedback_rightShape: autoDraw = True
10.8626 	EXP 	New trial (rep=1, index=0): None
10.8636 	EXP 	window1: recordFrameIntervals = False
10.8777 	EXP 	feedback_leftShape: autoDraw = False
10.8777 	EXP 	feedback_rightShape: autoDraw = False
10.8777 	EXP 	feedback_leftShape: autoDraw = False
10.8777 	EXP 	feedback_rightShape: autoDraw = False
10.8777 	EXP 	trial_leftShape: fillColor = '[ 0.  0.  0.] (rgb)'
10.8777 	EXP 	trial_rightShape: fillColor = '[ 0.  0.  0.] (rgb)'
10.8780 	EXP 	window1: recordFrameIntervals = False
12.1799 	DATA 	Keypress: left
12.2309 	EXP 	trial_fixation: autoDraw = True
12.2309 	EXP 	trial_leftShape: autoDraw = True
12.2309 	EXP 	trial_rightShape: autoDraw = True
12.2309 	EXP 	trial_debugtxt: autoDraw = True
12.7342 	DATA 	Keypress: left
14.0767 	DATA 	Keypress: right
14.2017 	EXP 	trial_fixation: autoDraw = False
14.2017 	EXP 	trial_leftShape: autoDraw = False
14.2017 	EXP 	trial_rightShape: autoDraw = False
14.2017 	EXP 	trial_debugtxt: autoDraw = False
14.2017 	EXP 	feedback_leftShape: fillColor = 'red (named)'
14.2017 	EXP 	feedback_leftShape: lineColor = '[ 0.  0.  0.] (rgb)'
14.2017 	EXP 	feedback_rightShape: fillColor = '[ 0.  0.  0.] (rgb)'
14.2017 	EXP 	feedback_rightShape: lineColor = '[ 0.  1.  0.] (rgb)'
14.2017 	EXP 	feedback_leftShape: autoDraw = True
14.2017 	EXP 	feedback_rightShape: autoDraw = True
15.1879 	EXP 	New trial (rep=2, index=0): None
15.1887 	EXP 	window1: recordFrameIntervals = False
15.2035 	EXP 	feedback_leftShape: autoDraw = False
15.2035 	EXP 	feedback_rightShape: autoDraw = False
15.2035 	EXP 	feedback_leftShape: autoDraw = False
15.2035 	EXP 	feedback_rightShape: autoDraw = False
15.2035 	EXP 	trial_leftShape: fillColor = '[ 0.  0.  0.] (rgb)'
15.2035 	EXP 	trial_rightShape: fillColor = '[ 0.  0.  0.] (rgb)'
15.2037 	EXP 	window1: recordFrameIntervals = False
16.3226 	EXP 	trial_fixation: autoDraw = True
16.3226 	EXP 	trial_leftShape: autoDraw = True
16.3226 	EXP 	trial_rightShape: autoDraw = True
16.3226 	EXP 	trial_debugtxt: autoDraw = True
17.0520 	DATA 	Keypress: left
18.3105 	EXP 	trial_fixation: autoDraw = False
18.3105 	EXP 	trial_leftShape: autoDraw = False
18.3105 	EXP 	trial_rightShape: autoDraw = False
18.3105 	EXP 	trial_debugtxt: autoDraw = False
18.3105 	EXP 	feedback_leftShape: fillColor = 'green (named)'
18.3105 	EXP 	feedback_leftShape: lineColor = '[ 0.  0.  0.] (rgb)'
18.3105 	EXP 	feedback_rightShape: fillColor = '[ 0.  0.  0.] (rgb)'
18.3105 	EXP 	feedback_rightShape: lineColor = '[ 0.  0.  0.] (rgb)'
18.3105 	EXP 	feedback_leftShape: autoDraw = True
18.3105 	EXP 	feedback_rightShape: autoDraw = True
19.2978 	EXP 	New trial (rep=3, index=0): None
19.2994 	EXP 	window1: recordFrameIntervals = False
19.3123 	EXP 	feedback_leftShape: autoDraw = False
19.3123 	EXP 	feedback_rightShape: autoDraw = False
19.3123 	EXP 	feedback_leftShape: autoDraw = False
19.3123 	EXP 	feedback_rightShape: autoDraw = False
19.3123 	EXP 	trial_leftShape: fillColor = '[ 0.  0.  0.] (rgb)'
19.3123 	EXP 	trial_rightShape: fillColor = '[ 0.  0.  0.] (rgb)'
19.3126 	EXP 	window1: recordFrameIntervals = False
20.4649 	EXP 	trial_fixation: autoDraw = True
20.4649 	EXP 	trial_leftShape: autoDraw = True
20.4649 	EXP 	trial_rightShape: autoDraw = True
20.4649 	EXP 	trial_debugtxt: autoDraw = True
20.9171 	DATA 	Keypress: left
22.4526 	EXP 	trial_fixation: autoDraw = False
22.4526 	EXP 	trial_leftShape: autoDraw = False
22.4526 	EXP 	trial_rightShape: autoDraw = False
22.4526 	EXP 	trial_debugtxt: autoDraw = False
22.4526 	EXP 	feedback_leftShape: fillColor = 'green (named)'
22.4526 	EXP 	feedback_leftShape: lineColor = '[ 0.  0.  0.] (rgb)'
22.4526 	EXP 	feedback_rightShape: fillColor = '[ 0.  0.  0.] (rgb)'
22.4526 	EXP 	feedback_rightShape: lineColor = '[ 0.  0.  0.] (rgb)'
22.4526 	EXP 	feedback_leftShape: autoDraw = True
22.4526 	EXP 	feedback_rightShape: autoDraw = True
22.6216 	DATA 	Keypress: right
23.4392 	EXP 	New trial (rep=4, index=0): None
23.4402 	EXP 	window1: recordFrameIntervals = False
23.4547 	EXP 	feedback_leftShape: autoDraw = False
23.4547 	EXP 	feedback_rightShape: autoDraw = False
23.4547 	EXP 	feedback_leftShape: autoDraw = False
23.4547 	EXP 	feedback_rightShape: autoDraw = False
23.4547 	EXP 	trial_leftShape: fillColor = '[ 0.  0.  0.] (rgb)'
23.4547 	EXP 	trial_rightShape: fillColor = '[ 0.  0.  0.] (rgb)'
23.4549 	EXP 	window1: recordFrameIntervals = False
24.9747 	EXP 	trial_fixation: autoDraw = True
24.9747 	EXP 	trial_leftShape: autoDraw = True
24.9747 	EXP 	trial_rightShape: autoDraw = True
24.9747 	EXP 	trial_debugtxt: autoDraw = True
25.1834 	DATA 	Keypress: left
26.8459 	DATA 	Keypress: right
27.9416 	ERROR 	If you setColor with a numeric color value then you need to specify a color space, e.g. setColor([1,1,-1],'rgb'), unless you used a numeric value previously in which case PsychoPy will reuse that color space.)
27.9477 	EXP 	trial_fixation: autoDraw = False
27.9477 	EXP 	trial_leftShape: autoDraw = False
27.9477 	EXP 	trial_rightShape: autoDraw = False
27.9477 	EXP 	trial_debugtxt: autoDraw = False
27.9477 	EXP 	feedback_leftShape: fillColor = 'green (named)'
27.9477 	EXP 	feedback_leftShape: lineColor = '[ 0.  0.  0.] (rgb)'
27.9477 	EXP 	feedback_rightShape: fillColor = 'green (named)'
27.9477 	EXP 	feedback_rightShape: lineColor = '[ 0.  1.  0.] (rgb)'
27.9477 	EXP 	feedback_leftShape: autoDraw = True
27.9477 	EXP 	feedback_rightShape: autoDraw = True
28.9347 	EXP 	New trial (rep=5, index=0): None
28.9363 	EXP 	window1: recordFrameIntervals = False
28.9493 	EXP 	feedback_leftShape: autoDraw = False
28.9493 	EXP 	feedback_rightShape: autoDraw = False
28.9493 	EXP 	feedback_leftShape: autoDraw = False
28.9493 	EXP 	feedback_rightShape: autoDraw = False
28.9493 	EXP 	trial_leftShape: fillColor = '[ 0.  0.  0.] (rgb)'
28.9493 	EXP 	trial_rightShape: fillColor = '[ 0.  0.  0.] (rgb)'
28.9495 	EXP 	window1: recordFrameIntervals = False
29.5175 	EXP 	trial_fixation: autoDraw = True
29.5175 	EXP 	trial_leftShape: autoDraw = True
29.5175 	EXP 	trial_rightShape: autoDraw = True
29.5175 	EXP 	trial_debugtxt: autoDraw = True
30.0863 	DATA 	Keypress: left
31.6504 	DATA 	Keypress: right
32.4970 	ERROR 	If you setColor with a numeric color value then you need to specify a color space, e.g. setColor([1,1,-1],'rgb'), unless you used a numeric value previously in which case PsychoPy will reuse that color space.)
32.5074 	EXP 	trial_fixation: autoDraw = False
32.5074 	EXP 	trial_leftShape: autoDraw = False
32.5074 	EXP 	trial_rightShape: autoDraw = False
32.5074 	EXP 	trial_debugtxt: autoDraw = False
32.5074 	EXP 	feedback_leftShape: fillColor = 'green (named)'
32.5074 	EXP 	feedback_leftShape: lineColor = '[ 0.  0.  0.] (rgb)'
32.5074 	EXP 	feedback_rightShape: fillColor = 'green (named)'
32.5074 	EXP 	feedback_rightShape: lineColor = '[ 0.  1.  0.] (rgb)'
32.5074 	EXP 	feedback_leftShape: autoDraw = True
32.5074 	EXP 	feedback_rightShape: autoDraw = True
33.4951 	EXP 	New trial (rep=6, index=0): None
33.4967 	EXP 	window1: recordFrameIntervals = False
33.5094 	EXP 	feedback_leftShape: autoDraw = False
33.5094 	EXP 	feedback_rightShape: autoDraw = False
33.5094 	EXP 	feedback_leftShape: autoDraw = False
33.5094 	EXP 	feedback_rightShape: autoDraw = False
33.5094 	EXP 	trial_leftShape: fillColor = '[ 0.  0.  0.] (rgb)'
33.5094 	EXP 	trial_rightShape: fillColor = '[ 0.  0.  0.] (rgb)'
33.5096 	EXP 	window1: recordFrameIntervals = False
34.2216 	DATA 	Keypress: left
34.4615 	EXP 	trial_fixation: autoDraw = True
34.4615 	EXP 	trial_leftShape: autoDraw = True
34.4615 	EXP 	trial_rightShape: autoDraw = True
34.4615 	EXP 	trial_debugtxt: autoDraw = True
34.7068 	DATA 	Keypress: left
36.4006 	DATA 	Keypress: right
37.4238 	ERROR 	If you setColor with a numeric color value then you need to specify a color space, e.g. setColor([1,1,-1],'rgb'), unless you used a numeric value previously in which case PsychoPy will reuse that color space.)
37.4346 	EXP 	trial_fixation: autoDraw = False
37.4346 	EXP 	trial_leftShape: autoDraw = False
37.4346 	EXP 	trial_rightShape: autoDraw = False
37.4346 	EXP 	trial_debugtxt: autoDraw = False
37.4346 	EXP 	feedback_leftShape: fillColor = 'green (named)'
37.4346 	EXP 	feedback_leftShape: lineColor = '[ 0.  0.  0.] (rgb)'
37.4346 	EXP 	feedback_rightShape: fillColor = 'green (named)'
37.4346 	EXP 	feedback_rightShape: lineColor = '[ 0.  1.  0.] (rgb)'
37.4346 	EXP 	feedback_leftShape: autoDraw = True
37.4346 	EXP 	feedback_rightShape: autoDraw = True
38.4218 	EXP 	New trial (rep=7, index=0): None
38.4232 	EXP 	window1: recordFrameIntervals = False
38.4364 	EXP 	feedback_leftShape: autoDraw = False
38.4364 	EXP 	feedback_rightShape: autoDraw = False
38.4364 	EXP 	feedback_leftShape: autoDraw = False
38.4364 	EXP 	feedback_rightShape: autoDraw = False
38.4364 	EXP 	trial_leftShape: fillColor = '[ 0.  0.  0.] (rgb)'
38.4364 	EXP 	trial_rightShape: fillColor = '[ 0.  0.  0.] (rgb)'
38.4366 	EXP 	window1: recordFrameIntervals = False
39.4555 	EXP 	trial_fixation: autoDraw = True
39.4555 	EXP 	trial_leftShape: autoDraw = True
39.4555 	EXP 	trial_rightShape: autoDraw = True
39.4555 	EXP 	trial_debugtxt: autoDraw = True
40.4255 	DATA 	Keypress: left
42.3141 	DATA 	Keypress: right
42.4389 	ERROR 	If you setColor with a numeric color value then you need to specify a color space, e.g. setColor([1,1,-1],'rgb'), unless you used a numeric value previously in which case PsychoPy will reuse that color space.)
42.4617 	EXP 	trial_fixation: autoDraw = False
42.4617 	EXP 	trial_leftShape: autoDraw = False
42.4617 	EXP 	trial_rightShape: autoDraw = False
42.4617 	EXP 	trial_debugtxt: autoDraw = False
42.4617 	EXP 	feedback_leftShape: fillColor = 'green (named)'
42.4617 	EXP 	feedback_leftShape: lineColor = '[ 0.  0.  0.] (rgb)'
42.4617 	EXP 	feedback_rightShape: fillColor = 'green (named)'
42.4617 	EXP 	feedback_rightShape: lineColor = '[ 0.  1.  0.] (rgb)'
42.4617 	EXP 	feedback_leftShape: autoDraw = True
42.4617 	EXP 	feedback_rightShape: autoDraw = True
43.4329 	EXP 	New trial (rep=8, index=0): None
43.4343 	EXP 	window1: recordFrameIntervals = False
43.4474 	EXP 	feedback_leftShape: autoDraw = False
43.4474 	EXP 	feedback_rightShape: autoDraw = False
43.4474 	EXP 	feedback_leftShape: autoDraw = False
43.4474 	EXP 	feedback_rightShape: autoDraw = False
43.4474 	EXP 	trial_leftShape: fillColor = '[ 0.  0.  0.] (rgb)'
43.4474 	EXP 	trial_rightShape: fillColor = '[ 0.  0.  0.] (rgb)'
43.4477 	EXP 	window1: recordFrameIntervals = False
44.4161 	EXP 	trial_fixation: autoDraw = True
44.4161 	EXP 	trial_leftShape: autoDraw = True
44.4161 	EXP 	trial_rightShape: autoDraw = True
44.4161 	EXP 	trial_debugtxt: autoDraw = True
45.3243 	DATA 	Keypress: left
47.3950 	ERROR 	If you setColor with a numeric color value then you need to specify a color space, e.g. setColor([1,1,-1],'rgb'), unless you used a numeric value previously in which case PsychoPy will reuse that color space.)
47.4058 	EXP 	trial_fixation: autoDraw = False
47.4058 	EXP 	trial_leftShape: autoDraw = False
47.4058 	EXP 	trial_rightShape: autoDraw = False
47.4058 	EXP 	trial_debugtxt: autoDraw = False
47.4058 	EXP 	feedback_leftShape: fillColor = 'green (named)'
47.4058 	EXP 	feedback_leftShape: lineColor = '[ 0.  0.  0.] (rgb)'
47.4058 	EXP 	feedback_rightShape: fillColor = 'red (named)'
47.4058 	EXP 	feedback_rightShape: lineColor = '[ 0.  0.  0.] (rgb)'
47.4058 	EXP 	feedback_leftShape: autoDraw = True
47.4058 	EXP 	feedback_rightShape: autoDraw = True
48.3926 	EXP 	New trial (rep=9, index=0): None
48.3937 	EXP 	window1: recordFrameIntervals = False
48.4079 	EXP 	feedback_leftShape: autoDraw = False
48.4079 	EXP 	feedback_rightShape: autoDraw = False
48.4079 	EXP 	feedback_leftShape: autoDraw = False
48.4079 	EXP 	feedback_rightShape: autoDraw = False
48.4079 	EXP 	trial_leftShape: fillColor = '[ 0.  0.  0.] (rgb)'
48.4079 	EXP 	trial_rightShape: fillColor = '[ 0.  0.  0.] (rgb)'
48.4080 	EXP 	window1: recordFrameIntervals = False
49.6272 	EXP 	trial_fixation: autoDraw = True
49.6272 	EXP 	trial_leftShape: autoDraw = True
49.6272 	EXP 	trial_rightShape: autoDraw = True
49.6272 	EXP 	trial_debugtxt: autoDraw = True
50.1384 	DATA 	Keypress: left
51.6218 	ERROR 	If you setColor with a numeric color value then you need to specify a color space, e.g. setColor([1,1,-1],'rgb'), unless you used a numeric value previously in which case PsychoPy will reuse that color space.)
51.6313 	EXP 	trial_fixation: autoDraw = False
51.6313 	EXP 	trial_leftShape: autoDraw = False
51.6313 	EXP 	trial_rightShape: autoDraw = False
51.6313 	EXP 	trial_debugtxt: autoDraw = False
51.6313 	EXP 	feedback_leftShape: fillColor = 'green (named)'
51.6313 	EXP 	feedback_leftShape: lineColor = '[ 0.  0.  0.] (rgb)'
51.6313 	EXP 	feedback_rightShape: fillColor = 'red (named)'
51.6313 	EXP 	feedback_rightShape: lineColor = '[ 0.  0.  0.] (rgb)'
51.6313 	EXP 	feedback_leftShape: autoDraw = True
51.6313 	EXP 	feedback_rightShape: autoDraw = True
51.9670 	DATA 	Keypress: right
52.6192 	EXP 	New trial (rep=10, index=0): None
52.6206 	EXP 	window1: recordFrameIntervals = False
52.6336 	EXP 	feedback_leftShape: autoDraw = False
52.6336 	EXP 	feedback_rightShape: autoDraw = False
52.6336 	EXP 	feedback_leftShape: autoDraw = False
52.6336 	EXP 	feedback_rightShape: autoDraw = False
52.6336 	EXP 	trial_leftShape: fillColor = '[ 0.  0.  0.] (rgb)'
52.6336 	EXP 	trial_rightShape: fillColor = '[ 0.  0.  0.] (rgb)'
52.6339 	EXP 	window1: recordFrameIntervals = False
53.1847 	EXP 	trial_fixation: autoDraw = True
53.1847 	EXP 	trial_leftShape: autoDraw = True
53.1847 	EXP 	trial_rightShape: autoDraw = True
53.1847 	EXP 	trial_debugtxt: autoDraw = True
53.6655 	DATA 	Keypress: left
55.1627 	DATA 	Keypress: right
56.1639 	ERROR 	If you setColor with a numeric color value then you need to specify a color space, e.g. setColor([1,1,-1],'rgb'), unless you used a numeric value previously in which case PsychoPy will reuse that color space.)
56.1745 	EXP 	trial_fixation: autoDraw = False
56.1745 	EXP 	trial_leftShape: autoDraw = False
56.1745 	EXP 	trial_rightShape: autoDraw = False
56.1745 	EXP 	trial_debugtxt: autoDraw = False
56.1745 	EXP 	feedback_leftShape: fillColor = 'green (named)'
56.1745 	EXP 	feedback_leftShape: lineColor = '[ 0.  0.  0.] (rgb)'
56.1745 	EXP 	feedback_rightShape: fillColor = 'green (named)'
56.1745 	EXP 	feedback_rightShape: lineColor = '[ 0.  1.  0.] (rgb)'
56.1745 	EXP 	feedback_leftShape: autoDraw = True
56.1745 	EXP 	feedback_rightShape: autoDraw = True
57.1618 	EXP 	New trial (rep=11, index=0): None
57.1633 	EXP 	window1: recordFrameIntervals = False
57.1764 	EXP 	feedback_leftShape: autoDraw = False
57.1764 	EXP 	feedback_rightShape: autoDraw = False
57.1764 	EXP 	feedback_leftShape: autoDraw = False
57.1764 	EXP 	feedback_rightShape: autoDraw = False
57.1764 	EXP 	trial_leftShape: fillColor = '[ 0.  0.  0.] (rgb)'
57.1764 	EXP 	trial_rightShape: fillColor = '[ 0.  0.  0.] (rgb)'
57.1766 	EXP 	window1: recordFrameIntervals = False
57.8114 	EXP 	trial_fixation: autoDraw = True
57.8114 	EXP 	trial_leftShape: autoDraw = True
57.8114 	EXP 	trial_rightShape: autoDraw = True
57.8114 	EXP 	trial_debugtxt: autoDraw = True
58.8365 	DATA 	Keypress: left
59.7501 	DATA 	Keypress: right
60.7948 	ERROR 	If you setColor with a numeric color value then you need to specify a color space, e.g. setColor([1,1,-1],'rgb'), unless you used a numeric value previously in which case PsychoPy will reuse that color space.)
60.8010 	EXP 	trial_fixation: autoDraw = False
60.8010 	EXP 	trial_leftShape: autoDraw = False
60.8010 	EXP 	trial_rightShape: autoDraw = False
60.8010 	EXP 	trial_debugtxt: autoDraw = False
60.8010 	EXP 	feedback_leftShape: fillColor = 'green (named)'
60.8010 	EXP 	feedback_leftShape: lineColor = '[ 0.  0.  0.] (rgb)'
60.8010 	EXP 	feedback_rightShape: fillColor = 'green (named)'
60.8010 	EXP 	feedback_rightShape: lineColor = '[ 0.  1.  0.] (rgb)'
60.8010 	EXP 	feedback_leftShape: autoDraw = True
60.8010 	EXP 	feedback_rightShape: autoDraw = True
61.7888 	EXP 	New trial (rep=12, index=0): None
61.7903 	EXP 	window1: recordFrameIntervals = False
61.8032 	EXP 	feedback_leftShape: autoDraw = False
61.8032 	EXP 	feedback_rightShape: autoDraw = False
61.8032 	EXP 	feedback_leftShape: autoDraw = False
61.8032 	EXP 	feedback_rightShape: autoDraw = False
61.8032 	EXP 	trial_leftShape: fillColor = '[ 0.  0.  0.] (rgb)'
61.8032 	EXP 	trial_rightShape: fillColor = '[ 0.  0.  0.] (rgb)'
61.8035 	EXP 	window1: recordFrameIntervals = False
62.5212 	EXP 	trial_fixation: autoDraw = True
62.5212 	EXP 	trial_leftShape: autoDraw = True
62.5212 	EXP 	trial_rightShape: autoDraw = True
62.5212 	EXP 	trial_debugtxt: autoDraw = True
62.7061 	DATA 	Keypress: left
64.2259 	DATA 	Keypress: right
64.5155 	ERROR 	If you setColor with a numeric color value then you need to specify a color space, e.g. setColor([1,1,-1],'rgb'), unless you used a numeric value previously in which case PsychoPy will reuse that color space.)
64.5256 	EXP 	trial_fixation: autoDraw = False
64.5256 	EXP 	trial_leftShape: autoDraw = False
64.5256 	EXP 	trial_rightShape: autoDraw = False
64.5256 	EXP 	trial_debugtxt: autoDraw = False
64.5256 	EXP 	feedback_leftShape: fillColor = 'red (named)'
64.5256 	EXP 	feedback_leftShape: lineColor = '[ 0.  0.  0.] (rgb)'
64.5256 	EXP 	feedback_rightShape: fillColor = 'green (named)'
64.5256 	EXP 	feedback_rightShape: lineColor = '[ 0.  1.  0.] (rgb)'
64.5256 	EXP 	feedback_leftShape: autoDraw = True
64.5256 	EXP 	feedback_rightShape: autoDraw = True
65.5124 	EXP 	New trial (rep=13, index=0): None
65.5136 	EXP 	window1: recordFrameIntervals = False
65.5275 	EXP 	feedback_leftShape: autoDraw = False
65.5275 	EXP 	feedback_rightShape: autoDraw = False
65.5275 	EXP 	feedback_leftShape: autoDraw = False
65.5275 	EXP 	feedback_rightShape: autoDraw = False
65.5275 	EXP 	trial_leftShape: fillColor = '[ 0.  0.  0.] (rgb)'
65.5275 	EXP 	trial_rightShape: fillColor = '[ 0.  0.  0.] (rgb)'
65.5277 	EXP 	window1: recordFrameIntervals = False
66.3127 	EXP 	trial_fixation: autoDraw = True
66.3127 	EXP 	trial_leftShape: autoDraw = True
66.3127 	EXP 	trial_rightShape: autoDraw = True
66.3127 	EXP 	trial_debugtxt: autoDraw = True
66.8749 	DATA 	Keypress: left
68.5578 	DATA 	Keypress: right
69.3130 	ERROR 	If you setColor with a numeric color value then you need to specify a color space, e.g. setColor([1,1,-1],'rgb'), unless you used a numeric value previously in which case PsychoPy will reuse that color space.)
69.3192 	EXP 	trial_fixation: autoDraw = False
69.3192 	EXP 	trial_leftShape: autoDraw = False
69.3192 	EXP 	trial_rightShape: autoDraw = False
69.3192 	EXP 	trial_debugtxt: autoDraw = False
69.3192 	EXP 	feedback_leftShape: fillColor = 'red (named)'
69.3192 	EXP 	feedback_leftShape: lineColor = '[ 0.  0.  0.] (rgb)'
69.3192 	EXP 	feedback_rightShape: fillColor = 'green (named)'
69.3192 	EXP 	feedback_rightShape: lineColor = '[ 0.  1.  0.] (rgb)'
69.3192 	EXP 	feedback_leftShape: autoDraw = True
69.3192 	EXP 	feedback_rightShape: autoDraw = True
70.3071 	EXP 	New trial (rep=14, index=0): None
70.3086 	EXP 	window1: recordFrameIntervals = False
70.3212 	EXP 	feedback_leftShape: autoDraw = False
70.3212 	EXP 	feedback_rightShape: autoDraw = False
70.3212 	EXP 	feedback_leftShape: autoDraw = False
70.3212 	EXP 	feedback_rightShape: autoDraw = False
70.3212 	EXP 	trial_leftShape: fillColor = '[ 0.  0.  0.] (rgb)'
70.3212 	EXP 	trial_rightShape: fillColor = '[ 0.  0.  0.] (rgb)'
70.3214 	EXP 	window1: recordFrameIntervals = False
70.7803 	DATA 	Keypress: left
71.0061 	EXP 	trial_fixation: autoDraw = True
71.0061 	EXP 	trial_leftShape: autoDraw = True
71.0061 	EXP 	trial_rightShape: autoDraw = True
71.0061 	EXP 	trial_debugtxt: autoDraw = True
71.3635 	DATA 	Keypress: left
73.0186 	DATA 	Keypress: right
73.9853 	ERROR 	If you setColor with a numeric color value then you need to specify a color space, e.g. setColor([1,1,-1],'rgb'), unless you used a numeric value previously in which case PsychoPy will reuse that color space.)
73.9958 	EXP 	trial_fixation: autoDraw = False
73.9958 	EXP 	trial_leftShape: autoDraw = False
73.9958 	EXP 	trial_rightShape: autoDraw = False
73.9958 	EXP 	trial_debugtxt: autoDraw = False
73.9958 	EXP 	feedback_leftShape: fillColor = 'red (named)'
73.9958 	EXP 	feedback_leftShape: lineColor = '[ 0.  0.  0.] (rgb)'
73.9958 	EXP 	feedback_rightShape: fillColor = 'green (named)'
73.9958 	EXP 	feedback_rightShape: lineColor = '[ 0.  1.  0.] (rgb)'
73.9958 	EXP 	feedback_leftShape: autoDraw = True
73.9958 	EXP 	feedback_rightShape: autoDraw = True
74.9832 	EXP 	New trial (rep=15, index=0): None
74.9848 	EXP 	window1: recordFrameIntervals = False
74.9977 	EXP 	feedback_leftShape: autoDraw = False
74.9977 	EXP 	feedback_rightShape: autoDraw = False
74.9977 	EXP 	feedback_leftShape: autoDraw = False
74.9977 	EXP 	feedback_rightShape: autoDraw = False
74.9977 	EXP 	trial_leftShape: fillColor = '[ 0.  0.  0.] (rgb)'
74.9977 	EXP 	trial_rightShape: fillColor = '[ 0.  0.  0.] (rgb)'
74.9979 	EXP 	window1: recordFrameIntervals = False
76.0168 	EXP 	trial_fixation: autoDraw = True
76.0168 	EXP 	trial_leftShape: autoDraw = True
76.0168 	EXP 	trial_rightShape: autoDraw = True
76.0168 	EXP 	trial_debugtxt: autoDraw = True
76.4956 	DATA 	Keypress: left
78.1054 	DATA 	Keypress: right
79.0127 	ERROR 	If you setColor with a numeric color value then you need to specify a color space, e.g. setColor([1,1,-1],'rgb'), unless you used a numeric value previously in which case PsychoPy will reuse that color space.)
79.0231 	EXP 	trial_fixation: autoDraw = False
79.0231 	EXP 	trial_leftShape: autoDraw = False
79.0231 	EXP 	trial_rightShape: autoDraw = False
79.0231 	EXP 	trial_debugtxt: autoDraw = False
79.0231 	EXP 	feedback_leftShape: fillColor = 'red (named)'
79.0231 	EXP 	feedback_leftShape: lineColor = '[ 0.  0.  0.] (rgb)'
79.0231 	EXP 	feedback_rightShape: fillColor = 'green (named)'
79.0231 	EXP 	feedback_rightShape: lineColor = '[ 0.  1.  0.] (rgb)'
79.0231 	EXP 	feedback_leftShape: autoDraw = True
79.0231 	EXP 	feedback_rightShape: autoDraw = True
80.0110 	EXP 	New trial (rep=16, index=0): None
80.0124 	EXP 	window1: recordFrameIntervals = False
80.0254 	EXP 	feedback_leftShape: autoDraw = False
80.0254 	EXP 	feedback_rightShape: autoDraw = False
80.0254 	EXP 	feedback_leftShape: autoDraw = False
80.0254 	EXP 	feedback_rightShape: autoDraw = False
80.0254 	EXP 	trial_leftShape: fillColor = '[ 0.  0.  0.] (rgb)'
80.0254 	EXP 	trial_rightShape: fillColor = '[ 0.  0.  0.] (rgb)'
80.0256 	EXP 	window1: recordFrameIntervals = False
81.4951 	EXP 	trial_fixation: autoDraw = True
81.4951 	EXP 	trial_leftShape: autoDraw = True
81.4951 	EXP 	trial_rightShape: autoDraw = True
81.4951 	EXP 	trial_debugtxt: autoDraw = True
82.3481 	DATA 	Keypress: left
83.4893 	ERROR 	If you setColor with a numeric color value then you need to specify a color space, e.g. setColor([1,1,-1],'rgb'), unless you used a numeric value previously in which case PsychoPy will reuse that color space.)
83.4994 	EXP 	trial_fixation: autoDraw = False
83.4994 	EXP 	trial_leftShape: autoDraw = False
83.4994 	EXP 	trial_rightShape: autoDraw = False
83.4994 	EXP 	trial_debugtxt: autoDraw = False
83.4994 	EXP 	feedback_leftShape: fillColor = 'green (named)'
83.4994 	EXP 	feedback_leftShape: lineColor = '[ 0.  0.  0.] (rgb)'
83.4994 	EXP 	feedback_rightShape: fillColor = 'green (named)'
83.4994 	EXP 	feedback_rightShape: lineColor = '[ 0.  0.  0.] (rgb)'
83.4994 	EXP 	feedback_leftShape: autoDraw = True
83.4994 	EXP 	feedback_rightShape: autoDraw = True
84.4865 	EXP 	New trial (rep=17, index=0): None
84.4879 	EXP 	window1: recordFrameIntervals = False
84.5016 	EXP 	feedback_leftShape: autoDraw = False
84.5016 	EXP 	feedback_rightShape: autoDraw = False
84.5016 	EXP 	feedback_leftShape: autoDraw = False
84.5016 	EXP 	feedback_rightShape: autoDraw = False
84.5016 	EXP 	trial_leftShape: fillColor = '[ 0.  0.  0.] (rgb)'
84.5016 	EXP 	trial_rightShape: fillColor = '[ 0.  0.  0.] (rgb)'
84.5019 	EXP 	window1: recordFrameIntervals = False
85.1529 	EXP 	trial_fixation: autoDraw = True
85.1529 	EXP 	trial_leftShape: autoDraw = True
85.1529 	EXP 	trial_rightShape: autoDraw = True
85.1529 	EXP 	trial_debugtxt: autoDraw = True
85.9066 	DATA 	Keypress: left
87.1515 	ERROR 	If you setColor with a numeric color value then you need to specify a color space, e.g. setColor([1,1,-1],'rgb'), unless you used a numeric value previously in which case PsychoPy will reuse that color space.)
87.1572 	EXP 	trial_fixation: autoDraw = False
87.1572 	EXP 	trial_leftShape: autoDraw = False
87.1572 	EXP 	trial_rightShape: autoDraw = False
87.1572 	EXP 	trial_debugtxt: autoDraw = False
87.1572 	EXP 	feedback_leftShape: fillColor = 'green (named)'
87.1572 	EXP 	feedback_leftShape: lineColor = '[ 0.  0.  0.] (rgb)'
87.1572 	EXP 	feedback_rightShape: fillColor = 'green (named)'
87.1572 	EXP 	feedback_rightShape: lineColor = '[ 0.  0.  0.] (rgb)'
87.1572 	EXP 	feedback_leftShape: autoDraw = True
87.1572 	EXP 	feedback_rightShape: autoDraw = True
87.3099 	DATA 	Keypress: right
88.1443 	EXP 	New trial (rep=18, index=0): None
88.1455 	EXP 	window1: recordFrameIntervals = False
88.1594 	EXP 	feedback_leftShape: autoDraw = False
88.1594 	EXP 	feedback_rightShape: autoDraw = False
88.1594 	EXP 	feedback_leftShape: autoDraw = False
88.1594 	EXP 	feedback_rightShape: autoDraw = False
88.1594 	EXP 	trial_leftShape: fillColor = '[ 0.  0.  0.] (rgb)'
88.1594 	EXP 	trial_rightShape: fillColor = '[ 0.  0.  0.] (rgb)'
88.1597 	EXP 	window1: recordFrameIntervals = False
89.4955 	EXP 	trial_fixation: autoDraw = True
89.4955 	EXP 	trial_leftShape: autoDraw = True
89.4955 	EXP 	trial_rightShape: autoDraw = True
89.4955 	EXP 	trial_debugtxt: autoDraw = True
89.8078 	DATA 	Keypress: left
91.6346 	DATA 	Keypress: right
92.4793 	ERROR 	If you setColor with a numeric color value then you need to specify a color space, e.g. setColor([1,1,-1],'rgb'), unless you used a numeric value previously in which case PsychoPy will reuse that color space.)
92.4852 	EXP 	trial_fixation: autoDraw = False
92.4852 	EXP 	trial_leftShape: autoDraw = False
92.4852 	EXP 	trial_rightShape: autoDraw = False
92.4852 	EXP 	trial_debugtxt: autoDraw = False
92.4852 	EXP 	feedback_leftShape: fillColor = 'green (named)'
92.4852 	EXP 	feedback_leftShape: lineColor = '[ 0.  0.  0.] (rgb)'
92.4852 	EXP 	feedback_rightShape: fillColor = 'green (named)'
92.4852 	EXP 	feedback_rightShape: lineColor = '[ 0.  1.  0.] (rgb)'
92.4852 	EXP 	feedback_leftShape: autoDraw = True
92.4852 	EXP 	feedback_rightShape: autoDraw = True
93.4725 	EXP 	New trial (rep=19, index=0): None
93.4740 	EXP 	window1: recordFrameIntervals = False
93.4874 	EXP 	feedback_leftShape: autoDraw = False
93.4874 	EXP 	feedback_rightShape: autoDraw = False
93.4874 	EXP 	feedback_leftShape: autoDraw = False
93.4874 	EXP 	feedback_rightShape: autoDraw = False
93.4874 	EXP 	trial_leftShape: fillColor = '[ 0.  0.  0.] (rgb)'
93.4874 	EXP 	trial_rightShape: fillColor = '[ 0.  0.  0.] (rgb)'
93.4877 	EXP 	window1: recordFrameIntervals = False
94.6398 	EXP 	trial_fixation: autoDraw = True
94.6398 	EXP 	trial_leftShape: autoDraw = True
94.6398 	EXP 	trial_rightShape: autoDraw = True
94.6398 	EXP 	trial_debugtxt: autoDraw = True
95.0251 	DATA 	Keypress: left
96.6173 	ERROR 	If you setColor with a numeric color value then you need to specify a color space, e.g. setColor([1,1,-1],'rgb'), unless you used a numeric value previously in which case PsychoPy will reuse that color space.)
96.6270 	EXP 	trial_fixation: autoDraw = False
96.6270 	EXP 	trial_leftShape: autoDraw = False
96.6270 	EXP 	trial_rightShape: autoDraw = False
96.6270 	EXP 	trial_debugtxt: autoDraw = False
96.6270 	EXP 	feedback_leftShape: fillColor = 'green (named)'
96.6270 	EXP 	feedback_leftShape: lineColor = '[ 0.  0.  0.] (rgb)'
96.6270 	EXP 	feedback_rightShape: fillColor = 'green (named)'
96.6270 	EXP 	feedback_rightShape: lineColor = '[ 0.  0.  0.] (rgb)'
96.6270 	EXP 	feedback_leftShape: autoDraw = True
96.6270 	EXP 	feedback_rightShape: autoDraw = True
96.7122 	DATA 	Keypress: right
97.6152 	EXP 	New trial (rep=20, index=0): None
97.6166 	EXP 	window1: recordFrameIntervals = False
97.6295 	EXP 	feedback_leftShape: autoDraw = False
97.6295 	EXP 	feedback_rightShape: autoDraw = False
97.6295 	EXP 	feedback_leftShape: autoDraw = False
97.6295 	EXP 	feedback_rightShape: autoDraw = False
97.6295 	EXP 	trial_leftShape: fillColor = '[ 0.  0.  0.] (rgb)'
97.6295 	EXP 	trial_rightShape: fillColor = '[ 0.  0.  0.] (rgb)'
97.6297 	EXP 	window1: recordFrameIntervals = False
99.0158 	EXP 	trial_fixation: autoDraw = True
99.0158 	EXP 	trial_leftShape: autoDraw = True
99.0158 	EXP 	trial_rightShape: autoDraw = True
99.0158 	EXP 	trial_debugtxt: autoDraw = True
99.3614 	DATA 	Keypress: left
101.5495 	DATA 	Keypress: right
101.9955 	ERROR 	If you setColor with a numeric color value then you need to specify a color space, e.g. setColor([1,1,-1],'rgb'), unless you used a numeric value previously in which case PsychoPy will reuse that color space.)
102.0055 	EXP 	trial_fixation: autoDraw = False
102.0055 	EXP 	trial_leftShape: autoDraw = False
102.0055 	EXP 	trial_rightShape: autoDraw = False
102.0055 	EXP 	trial_debugtxt: autoDraw = False
102.0055 	EXP 	feedback_leftShape: fillColor = 'green (named)'
102.0055 	EXP 	feedback_leftShape: lineColor = '[ 0.  0.  0.] (rgb)'
102.0055 	EXP 	feedback_rightShape: fillColor = 'green (named)'
102.0055 	EXP 	feedback_rightShape: lineColor = '[ 0.  1.  0.] (rgb)'
102.0055 	EXP 	feedback_leftShape: autoDraw = True
102.0055 	EXP 	feedback_rightShape: autoDraw = True
102.9933 	EXP 	New trial (rep=21, index=0): None
102.9948 	EXP 	window1: recordFrameIntervals = False
103.0077 	EXP 	feedback_leftShape: autoDraw = False
103.0077 	EXP 	feedback_rightShape: autoDraw = False
103.0077 	EXP 	feedback_leftShape: autoDraw = False
103.0077 	EXP 	feedback_rightShape: autoDraw = False
103.0077 	EXP 	trial_leftShape: fillColor = '[ 0.  0.  0.] (rgb)'
103.0077 	EXP 	trial_rightShape: fillColor = '[ 0.  0.  0.] (rgb)'
103.0080 	EXP 	window1: recordFrameIntervals = False
103.6924 	EXP 	trial_fixation: autoDraw = True
103.6924 	EXP 	trial_leftShape: autoDraw = True
103.6924 	EXP 	trial_rightShape: autoDraw = True
103.6924 	EXP 	trial_debugtxt: autoDraw = True
105.2650 	DATA 	Keypress: left
106.6615 	DATA 	Keypress: right
106.6716 	ERROR 	If you setColor with a numeric color value then you need to specify a color space, e.g. setColor([1,1,-1],'rgb'), unless you used a numeric value previously in which case PsychoPy will reuse that color space.)
106.6822 	EXP 	trial_fixation: autoDraw = False
106.6822 	EXP 	trial_leftShape: autoDraw = False
106.6822 	EXP 	trial_rightShape: autoDraw = False
106.6822 	EXP 	trial_debugtxt: autoDraw = False
106.6822 	EXP 	feedback_leftShape: fillColor = 'green (named)'
106.6822 	EXP 	feedback_leftShape: lineColor = '[ 0.  0.  0.] (rgb)'
106.6822 	EXP 	feedback_rightShape: fillColor = 'red (named)'
106.6822 	EXP 	feedback_rightShape: lineColor = '[ 0.  0.  0.] (rgb)'
106.6822 	EXP 	feedback_leftShape: autoDraw = True
106.6822 	EXP 	feedback_rightShape: autoDraw = True
107.6699 	EXP 	New trial (rep=22, index=0): None
107.6714 	EXP 	window1: recordFrameIntervals = False
107.6842 	EXP 	feedback_leftShape: autoDraw = False
107.6842 	EXP 	feedback_rightShape: autoDraw = False
107.6842 	EXP 	feedback_leftShape: autoDraw = False
107.6842 	EXP 	feedback_rightShape: autoDraw = False
107.6842 	EXP 	trial_leftShape: fillColor = '[ 0.  0.  0.] (rgb)'
107.6842 	EXP 	trial_rightShape: fillColor = '[ 0.  0.  0.] (rgb)'
107.6846 	EXP 	window1: recordFrameIntervals = False
108.9537 	EXP 	trial_fixation: autoDraw = True
108.9537 	EXP 	trial_leftShape: autoDraw = True
108.9537 	EXP 	trial_rightShape: autoDraw = True
108.9537 	EXP 	trial_debugtxt: autoDraw = True
109.3065 	DATA 	Keypress: left
110.9020 	DATA 	Keypress: right
111.9496 	ERROR 	If you setColor with a numeric color value then you need to specify a color space, e.g. setColor([1,1,-1],'rgb'), unless you used a numeric value previously in which case PsychoPy will reuse that color space.)
111.9601 	EXP 	trial_fixation: autoDraw = False
111.9601 	EXP 	trial_leftShape: autoDraw = False
111.9601 	EXP 	trial_rightShape: autoDraw = False
111.9601 	EXP 	trial_debugtxt: autoDraw = False
111.9601 	EXP 	feedback_leftShape: fillColor = 'green (named)'
111.9601 	EXP 	feedback_leftShape: lineColor = '[ 0.  0.  0.] (rgb)'
111.9601 	EXP 	feedback_rightShape: fillColor = 'green (named)'
111.9601 	EXP 	feedback_rightShape: lineColor = '[ 0.  1.  0.] (rgb)'
111.9601 	EXP 	feedback_leftShape: autoDraw = True
111.9601 	EXP 	feedback_rightShape: autoDraw = True
112.9479 	EXP 	New trial (rep=23, index=0): None
112.9493 	EXP 	window1: recordFrameIntervals = False
112.9622 	EXP 	feedback_leftShape: autoDraw = False
112.9622 	EXP 	feedback_rightShape: autoDraw = False
112.9622 	EXP 	feedback_leftShape: autoDraw = False
112.9622 	EXP 	feedback_rightShape: autoDraw = False
112.9622 	EXP 	trial_leftShape: fillColor = '[ 0.  0.  0.] (rgb)'
112.9622 	EXP 	trial_rightShape: fillColor = '[ 0.  0.  0.] (rgb)'
112.9625 	EXP 	window1: recordFrameIntervals = False
114.1560 	DATA 	Keypress: left
114.1578 	DATA 	Keypress: left
114.3819 	EXP 	trial_fixation: autoDraw = True
114.3819 	EXP 	trial_leftShape: autoDraw = True
114.3819 	EXP 	trial_rightShape: autoDraw = True
114.3819 	EXP 	trial_debugtxt: autoDraw = True
114.7184 	DATA 	Keypress: left
116.3593 	ERROR 	If you setColor with a numeric color value then you need to specify a color space, e.g. setColor([1,1,-1],'rgb'), unless you used a numeric value previously in which case PsychoPy will reuse that color space.)
116.3695 	EXP 	trial_fixation: autoDraw = False
116.3695 	EXP 	trial_leftShape: autoDraw = False
116.3695 	EXP 	trial_rightShape: autoDraw = False
116.3695 	EXP 	trial_debugtxt: autoDraw = False
116.3695 	EXP 	feedback_leftShape: fillColor = 'green (named)'
116.3695 	EXP 	feedback_leftShape: lineColor = '[ 0.  0.  0.] (rgb)'
116.3695 	EXP 	feedback_rightShape: fillColor = 'green (named)'
116.3695 	EXP 	feedback_rightShape: lineColor = '[ 0.  0.  0.] (rgb)'
116.3695 	EXP 	feedback_leftShape: autoDraw = True
116.3695 	EXP 	feedback_rightShape: autoDraw = True
116.6892 	DATA 	Keypress: right
117.3568 	EXP 	New trial (rep=24, index=0): None
117.3583 	EXP 	window1: recordFrameIntervals = False
117.3714 	EXP 	feedback_leftShape: autoDraw = False
117.3714 	EXP 	feedback_rightShape: autoDraw = False
117.3714 	EXP 	feedback_leftShape: autoDraw = False
117.3714 	EXP 	feedback_rightShape: autoDraw = False
117.3714 	EXP 	trial_leftShape: fillColor = '[ 0.  0.  0.] (rgb)'
117.3714 	EXP 	trial_rightShape: fillColor = '[ 0.  0.  0.] (rgb)'
117.3716 	EXP 	window1: recordFrameIntervals = False
118.5240 	EXP 	trial_fixation: autoDraw = True
118.5240 	EXP 	trial_leftShape: autoDraw = True
118.5240 	EXP 	trial_rightShape: autoDraw = True
118.5240 	EXP 	trial_debugtxt: autoDraw = True
119.7719 	DATA 	Keypress: left
120.5182 	ERROR 	If you setColor with a numeric color value then you need to specify a color space, e.g. setColor([1,1,-1],'rgb'), unless you used a numeric value previously in which case PsychoPy will reuse that color space.)
120.5283 	EXP 	trial_fixation: autoDraw = False
120.5283 	EXP 	trial_leftShape: autoDraw = False
120.5283 	EXP 	trial_rightShape: autoDraw = False
120.5283 	EXP 	trial_debugtxt: autoDraw = False
120.5283 	EXP 	feedback_leftShape: fillColor = 'green (named)'
120.5283 	EXP 	feedback_leftShape: lineColor = '[ 0.  0.  0.] (rgb)'
120.5283 	EXP 	feedback_rightShape: fillColor = 'green (named)'
120.5283 	EXP 	feedback_rightShape: lineColor = '[ 0.  0.  0.] (rgb)'
120.5283 	EXP 	feedback_leftShape: autoDraw = True
120.5283 	EXP 	feedback_rightShape: autoDraw = True
121.5155 	EXP 	New trial (rep=25, index=0): None
121.5169 	EXP 	window1: recordFrameIntervals = False
121.5302 	EXP 	feedback_leftShape: autoDraw = False
121.5302 	EXP 	feedback_rightShape: autoDraw = False
121.5302 	EXP 	feedback_leftShape: autoDraw = False
121.5302 	EXP 	feedback_rightShape: autoDraw = False
121.5302 	EXP 	trial_leftShape: fillColor = '[ 0.  0.  0.] (rgb)'
121.5302 	EXP 	trial_rightShape: fillColor = '[ 0.  0.  0.] (rgb)'
121.5304 	EXP 	window1: recordFrameIntervals = False
122.6161 	EXP 	trial_fixation: autoDraw = True
122.6161 	EXP 	trial_leftShape: autoDraw = True
122.6161 	EXP 	trial_rightShape: autoDraw = True
122.6161 	EXP 	trial_debugtxt: autoDraw = True
122.7737 	DATA 	Keypress: left
124.3944 	DATA 	Keypress: right
124.5981 	ERROR 	If you setColor with a numeric color value then you need to specify a color space, e.g. setColor([1,1,-1],'rgb'), unless you used a numeric value previously in which case PsychoPy will reuse that color space.)
124.6037 	EXP 	trial_fixation: autoDraw = False
124.6037 	EXP 	trial_leftShape: autoDraw = False
124.6037 	EXP 	trial_rightShape: autoDraw = False
124.6037 	EXP 	trial_debugtxt: autoDraw = False
124.6037 	EXP 	feedback_leftShape: fillColor = 'red (named)'
124.6037 	EXP 	feedback_leftShape: lineColor = '[ 0.  0.  0.] (rgb)'
124.6037 	EXP 	feedback_rightShape: fillColor = 'green (named)'
124.6037 	EXP 	feedback_rightShape: lineColor = '[ 0.  1.  0.] (rgb)'
124.6037 	EXP 	feedback_leftShape: autoDraw = True
124.6037 	EXP 	feedback_rightShape: autoDraw = True
125.5910 	EXP 	New trial (rep=26, index=0): None
125.5924 	EXP 	window1: recordFrameIntervals = False
125.6056 	EXP 	feedback_leftShape: autoDraw = False
125.6056 	EXP 	feedback_rightShape: autoDraw = False
125.6056 	EXP 	feedback_leftShape: autoDraw = False
125.6056 	EXP 	feedback_rightShape: autoDraw = False
125.6056 	EXP 	trial_leftShape: fillColor = '[ 0.  0.  0.] (rgb)'
125.6056 	EXP 	trial_rightShape: fillColor = '[ 0.  0.  0.] (rgb)'
125.6058 	EXP 	window1: recordFrameIntervals = False
126.2740 	EXP 	trial_fixation: autoDraw = True
126.2740 	EXP 	trial_leftShape: autoDraw = True
126.2740 	EXP 	trial_rightShape: autoDraw = True
126.2740 	EXP 	trial_debugtxt: autoDraw = True
128.2390 	ERROR 	If you setColor with a numeric color value then you need to specify a color space, e.g. setColor([1,1,-1],'rgb'), unless you used a numeric value previously in which case PsychoPy will reuse that color space.)
128.2448 	EXP 	trial_fixation: autoDraw = False
128.2448 	EXP 	trial_leftShape: autoDraw = False
128.2448 	EXP 	trial_rightShape: autoDraw = False
128.2448 	EXP 	trial_debugtxt: autoDraw = False
128.2448 	EXP 	feedback_leftShape: fillColor = 'red (named)'
128.2448 	EXP 	feedback_leftShape: lineColor = '[ 0.  0.  0.] (rgb)'
128.2448 	EXP 	feedback_rightShape: fillColor = 'green (named)'
128.2448 	EXP 	feedback_rightShape: lineColor = '[ 0.  0.  0.] (rgb)'
128.2448 	EXP 	feedback_leftShape: autoDraw = True
128.2448 	EXP 	feedback_rightShape: autoDraw = True
128.7982 	DATA 	Keypress: left
129.2326 	EXP 	New trial (rep=27, index=0): None
129.2340 	EXP 	window1: recordFrameIntervals = False
129.2469 	EXP 	feedback_leftShape: autoDraw = False
129.2469 	EXP 	feedback_rightShape: autoDraw = False
129.2469 	EXP 	feedback_leftShape: autoDraw = False
129.2469 	EXP 	feedback_rightShape: autoDraw = False
129.2469 	EXP 	trial_leftShape: fillColor = '[ 0.  0.  0.] (rgb)'
129.2469 	EXP 	trial_rightShape: fillColor = '[ 0.  0.  0.] (rgb)'
129.2472 	EXP 	window1: recordFrameIntervals = False
130.3881 	DATA 	Keypress: left
130.6164 	EXP 	trial_fixation: autoDraw = True
130.6164 	EXP 	trial_leftShape: autoDraw = True
130.6164 	EXP 	trial_rightShape: autoDraw = True
130.6164 	EXP 	trial_debugtxt: autoDraw = True
130.9638 	DATA 	Keypress: left
132.5939 	ERROR 	If you setColor with a numeric color value then you need to specify a color space, e.g. setColor([1,1,-1],'rgb'), unless you used a numeric value previously in which case PsychoPy will reuse that color space.)
132.6041 	EXP 	trial_fixation: autoDraw = False
132.6041 	EXP 	trial_leftShape: autoDraw = False
132.6041 	EXP 	trial_rightShape: autoDraw = False
132.6041 	EXP 	trial_debugtxt: autoDraw = False
132.6041 	EXP 	feedback_leftShape: fillColor = 'green (named)'
132.6041 	EXP 	feedback_leftShape: lineColor = '[ 0.  0.  0.] (rgb)'
132.6041 	EXP 	feedback_rightShape: fillColor = 'green (named)'
132.6041 	EXP 	feedback_rightShape: lineColor = '[ 0.  0.  0.] (rgb)'
132.6041 	EXP 	feedback_leftShape: autoDraw = True
132.6041 	EXP 	feedback_rightShape: autoDraw = True
132.8070 	DATA 	Keypress: right
133.5917 	EXP 	New trial (rep=28, index=0): None
133.5954 	EXP 	window1: recordFrameIntervals = False
133.6063 	EXP 	feedback_leftShape: autoDraw = False
133.6063 	EXP 	feedback_rightShape: autoDraw = False
133.6063 	EXP 	feedback_leftShape: autoDraw = False
133.6063 	EXP 	feedback_rightShape: autoDraw = False
133.6063 	EXP 	trial_leftShape: fillColor = '[ 0.  0.  0.] (rgb)'
133.6063 	EXP 	trial_rightShape: fillColor = '[ 0.  0.  0.] (rgb)'
133.6066 	EXP 	window1: recordFrameIntervals = False
134.2242 	EXP 	trial_fixation: autoDraw = True
134.2242 	EXP 	trial_leftShape: autoDraw = True
134.2242 	EXP 	trial_rightShape: autoDraw = True
134.2242 	EXP 	trial_debugtxt: autoDraw = True
137.0146 	DATA 	Keypress: left
137.2079 	ERROR 	If you setColor with a numeric color value then you need to specify a color space, e.g. setColor([1,1,-1],'rgb'), unless you used a numeric value previously in which case PsychoPy will reuse that color space.)
137.2139 	EXP 	trial_fixation: autoDraw = False
137.2139 	EXP 	trial_leftShape: autoDraw = False
137.2139 	EXP 	trial_rightShape: autoDraw = False
137.2139 	EXP 	trial_debugtxt: autoDraw = False
137.2139 	EXP 	feedback_leftShape: fillColor = 'green (named)'
137.2139 	EXP 	feedback_leftShape: lineColor = '[ 0.  0.  0.] (rgb)'
137.2139 	EXP 	feedback_rightShape: fillColor = 'red (named)'
137.2139 	EXP 	feedback_rightShape: lineColor = '[ 0.  0.  0.] (rgb)'
137.2139 	EXP 	feedback_leftShape: autoDraw = True
137.2139 	EXP 	feedback_rightShape: autoDraw = True
138.2017 	EXP 	New trial (rep=29, index=0): None
138.2032 	EXP 	window1: recordFrameIntervals = False
138.2160 	EXP 	feedback_leftShape: autoDraw = False
138.2160 	EXP 	feedback_rightShape: autoDraw = False
138.2160 	EXP 	feedback_leftShape: autoDraw = False
138.2160 	EXP 	feedback_rightShape: autoDraw = False
138.2160 	EXP 	trial_leftShape: fillColor = '[ 0.  0.  0.] (rgb)'
138.2160 	EXP 	trial_rightShape: fillColor = '[ 0.  0.  0.] (rgb)'
138.2162 	EXP 	window1: recordFrameIntervals = False
138.9843 	EXP 	trial_fixation: autoDraw = True
138.9843 	EXP 	trial_leftShape: autoDraw = True
138.9843 	EXP 	trial_rightShape: autoDraw = True
138.9843 	EXP 	trial_debugtxt: autoDraw = True
139.6133 	DATA 	Keypress: left
141.3673 	DATA 	Keypress: right
141.9681 	ERROR 	If you setColor with a numeric color value then you need to specify a color space, e.g. setColor([1,1,-1],'rgb'), unless you used a numeric value previously in which case PsychoPy will reuse that color space.)
141.9740 	EXP 	trial_fixation: autoDraw = False
141.9740 	EXP 	trial_leftShape: autoDraw = False
141.9740 	EXP 	trial_rightShape: autoDraw = False
141.9740 	EXP 	trial_debugtxt: autoDraw = False
141.9740 	EXP 	feedback_leftShape: fillColor = 'green (named)'
141.9740 	EXP 	feedback_leftShape: lineColor = '[ 0.  0.  0.] (rgb)'
141.9740 	EXP 	feedback_rightShape: fillColor = 'green (named)'
141.9740 	EXP 	feedback_rightShape: lineColor = '[ 0.  1.  0.] (rgb)'
141.9740 	EXP 	feedback_leftShape: autoDraw = True
141.9740 	EXP 	feedback_rightShape: autoDraw = True
143.0218 	EXP 	window1: mouseVisible = True
